2024-11-26 13:02:17,206 - INFO - A new study created in memory with name: no-name-ed3c0135-308c-43a0-9bfe-bf4503ca7fa1
2024-11-26 13:02:17,705 - INFO - Trial 0 finished with value: 0.99013357619915 and parameters: {'n_estimators': 242, 'max_depth': 8, 'min_samples_split': 10, 'min_samples_leaf': 3, 'class_weight': 'balanced'}. Best is trial 0 with value: 0.99013357619915.
2024-11-26 13:02:17,923 - INFO - Trial 1 finished with value: 1.0 and parameters: {'n_estimators': 110, 'max_depth': 20, 'min_samples_split': 6, 'min_samples_leaf': 3, 'class_weight': None}. Best is trial 1 with value: 1.0.
2024-11-26 13:02:18,365 - INFO - Trial 2 finished with value: 0.99013357619915 and parameters: {'n_estimators': 241, 'max_depth': 8, 'min_samples_split': 4, 'min_samples_leaf': 3, 'class_weight': None}. Best is trial 1 with value: 1.0.
2024-11-26 13:02:18,567 - INFO - Trial 3 finished with value: 1.0 and parameters: {'n_estimators': 101, 'max_depth': 18, 'min_samples_split': 10, 'min_samples_leaf': 2, 'class_weight': 'balanced'}. Best is trial 1 with value: 1.0.
2024-11-26 13:02:18,911 - INFO - Trial 4 finished with value: 1.0 and parameters: {'n_estimators': 182, 'max_depth': 20, 'min_samples_split': 8, 'min_samples_leaf': 3, 'class_weight': None}. Best is trial 1 with value: 1.0.
2024-11-26 13:02:19,127 - INFO - Trial 5 finished with value: 0.99013357619915 and parameters: {'n_estimators': 120, 'max_depth': 5, 'min_samples_split': 9, 'min_samples_leaf': 4, 'class_weight': None}. Best is trial 1 with value: 1.0.
2024-11-26 13:02:19,240 - INFO - Trial 6 finished with value: 1.0 and parameters: {'n_estimators': 55, 'max_depth': 20, 'min_samples_split': 8, 'min_samples_leaf': 3, 'class_weight': 'balanced'}. Best is trial 1 with value: 1.0.
2024-11-26 13:02:19,459 - INFO - Trial 7 finished with value: 0.9949377571191965 and parameters: {'n_estimators': 113, 'max_depth': 15, 'min_samples_split': 3, 'min_samples_leaf': 3, 'class_weight': 'balanced'}. Best is trial 1 with value: 1.0.
2024-11-26 13:02:19,639 - INFO - Trial 8 finished with value: 1.0 and parameters: {'n_estimators': 89, 'max_depth': 20, 'min_samples_split': 10, 'min_samples_leaf': 4, 'class_weight': None}. Best is trial 1 with value: 1.0.
2024-11-26 13:02:19,877 - INFO - Trial 9 finished with value: 1.0 and parameters: {'n_estimators': 124, 'max_depth': 12, 'min_samples_split': 2, 'min_samples_leaf': 1, 'class_weight': 'balanced'}. Best is trial 1 with value: 1.0.
2024-11-26 13:02:20,230 - INFO - Trial 10 finished with value: 0.9946251129177958 and parameters: {'n_estimators': 179, 'max_depth': 15, 'min_samples_split': 6, 'min_samples_leaf': 1, 'class_weight': None}. Best is trial 1 with value: 1.0.
2024-11-26 13:02:20,367 - INFO - Trial 11 finished with value: 1.0 and parameters: {'n_estimators': 58, 'max_depth': 16, 'min_samples_split': 6, 'min_samples_leaf': 2, 'class_weight': 'balanced'}. Best is trial 1 with value: 1.0.
2024-11-26 13:02:20,666 - INFO - Trial 12 finished with value: 1.0 and parameters: {'n_estimators': 149, 'max_depth': 17, 'min_samples_split': 5, 'min_samples_leaf': 2, 'class_weight': 'balanced'}. Best is trial 1 with value: 1.0.
2024-11-26 13:02:20,851 - INFO - Trial 13 finished with value: 1.0 and parameters: {'n_estimators': 86, 'max_depth': 12, 'min_samples_split': 7, 'min_samples_leaf': 2, 'class_weight': None}. Best is trial 1 with value: 1.0.
2024-11-26 13:02:21,383 - INFO - Trial 14 finished with value: 1.0 and parameters: {'n_estimators': 279, 'max_depth': 18, 'min_samples_split': 5, 'min_samples_leaf': 2, 'class_weight': 'balanced'}. Best is trial 1 with value: 1.0.
2024-11-26 13:02:21,690 - INFO - Trial 15 finished with value: 1.0 and parameters: {'n_estimators': 151, 'max_depth': 14, 'min_samples_split': 7, 'min_samples_leaf': 1, 'class_weight': None}. Best is trial 1 with value: 1.0.
2024-11-26 13:02:22,088 - INFO - Trial 16 finished with value: 1.0 and parameters: {'n_estimators': 207, 'max_depth': 17, 'min_samples_split': 8, 'min_samples_leaf': 4, 'class_weight': 'balanced'}. Best is trial 1 with value: 1.0.
2024-11-26 13:02:22,286 - INFO - Trial 17 finished with value: 1.0 and parameters: {'n_estimators': 91, 'max_depth': 18, 'min_samples_split': 5, 'min_samples_leaf': 2, 'class_weight': None}. Best is trial 1 with value: 1.0.
2024-11-26 13:02:22,541 - INFO - Trial 18 finished with value: 0.99013357619915 and parameters: {'n_estimators': 145, 'max_depth': 3, 'min_samples_split': 9, 'min_samples_leaf': 3, 'class_weight': None}. Best is trial 1 with value: 1.0.
2024-11-26 13:02:22,730 - INFO - Trial 19 finished with value: 0.9949377571191965 and parameters: {'n_estimators': 76, 'max_depth': 10, 'min_samples_split': 7, 'min_samples_leaf': 2, 'class_weight': 'balanced'}. Best is trial 1 with value: 1.0.
2024-11-26 13:02:22,956 - INFO - Trial 20 finished with value: 1.0 and parameters: {'n_estimators': 109, 'max_depth': 13, 'min_samples_split': 4, 'min_samples_leaf': 1, 'class_weight': None}. Best is trial 1 with value: 1.0.
2024-11-26 13:02:23,364 - INFO - Trial 21 finished with value: 1.0 and parameters: {'n_estimators': 187, 'max_depth': 20, 'min_samples_split': 9, 'min_samples_leaf': 3, 'class_weight': None}. Best is trial 1 with value: 1.0.
2024-11-26 13:02:23,962 - INFO - Trial 22 finished with value: 1.0 and parameters: {'n_estimators': 199, 'max_depth': 19, 'min_samples_split': 8, 'min_samples_leaf': 3, 'class_weight': None}. Best is trial 1 with value: 1.0.
2024-11-26 13:02:24,399 - INFO - Trial 23 finished with value: 0.9949377571191965 and parameters: {'n_estimators': 160, 'max_depth': 18, 'min_samples_split': 10, 'min_samples_leaf': 4, 'class_weight': None}. Best is trial 1 with value: 1.0.
2024-11-26 13:02:24,992 - INFO - Trial 24 finished with value: 1.0 and parameters: {'n_estimators': 222, 'max_depth': 20, 'min_samples_split': 9, 'min_samples_leaf': 3, 'class_weight': None}. Best is trial 1 with value: 1.0.
2024-11-26 13:02:25,370 - INFO - Trial 25 finished with value: 1.0 and parameters: {'n_estimators': 139, 'max_depth': 16, 'min_samples_split': 6, 'min_samples_leaf': 2, 'class_weight': None}. Best is trial 1 with value: 1.0.
2024-11-26 13:02:26,113 - INFO - Trial 26 finished with value: 1.0 and parameters: {'n_estimators': 297, 'max_depth': 19, 'min_samples_split': 8, 'min_samples_leaf': 3, 'class_weight': 'balanced'}. Best is trial 1 with value: 1.0.
2024-11-26 13:02:26,548 - INFO - Trial 27 finished with value: 0.9949377571191965 and parameters: {'n_estimators': 168, 'max_depth': 17, 'min_samples_split': 7, 'min_samples_leaf': 4, 'class_weight': None}. Best is trial 1 with value: 1.0.
2024-11-26 13:02:26,907 - INFO - Trial 28 finished with value: 1.0 and parameters: {'n_estimators': 128, 'max_depth': 10, 'min_samples_split': 10, 'min_samples_leaf': 2, 'class_weight': 'balanced'}. Best is trial 1 with value: 1.0.
2024-11-26 13:02:27,178 - INFO - Trial 29 finished with value: 1.0 and parameters: {'n_estimators': 101, 'max_depth': 19, 'min_samples_split': 10, 'min_samples_leaf': 3, 'class_weight': 'balanced'}. Best is trial 1 with value: 1.0.
2024-11-26 13:02:27,827 - INFO - Trial 30 finished with value: 1.0 and parameters: {'n_estimators': 258, 'max_depth': 14, 'min_samples_split': 9, 'min_samples_leaf': 3, 'class_weight': None}. Best is trial 1 with value: 1.0.
2024-11-26 13:02:27,986 - INFO - Trial 31 finished with value: 1.0 and parameters: {'n_estimators': 52, 'max_depth': 20, 'min_samples_split': 8, 'min_samples_leaf': 3, 'class_weight': 'balanced'}. Best is trial 1 with value: 1.0.
2024-11-26 13:02:28,191 - INFO - Trial 32 finished with value: 1.0 and parameters: {'n_estimators': 66, 'max_depth': 19, 'min_samples_split': 7, 'min_samples_leaf': 3, 'class_weight': 'balanced'}. Best is trial 1 with value: 1.0.
2024-11-26 13:02:28,414 - INFO - Trial 33 finished with value: 0.9949377571191965 and parameters: {'n_estimators': 75, 'max_depth': 18, 'min_samples_split': 8, 'min_samples_leaf': 3, 'class_weight': 'balanced'}. Best is trial 1 with value: 1.0.
2024-11-26 13:02:28,648 - INFO - Trial 34 finished with value: 0.9949377571191965 and parameters: {'n_estimators': 100, 'max_depth': 20, 'min_samples_split': 4, 'min_samples_leaf': 4, 'class_weight': 'balanced'}. Best is trial 1 with value: 1.0.
2024-11-26 13:02:29,018 - INFO - Trial 35 finished with value: 1.0 and parameters: {'n_estimators': 224, 'max_depth': 16, 'min_samples_split': 9, 'min_samples_leaf': 3, 'class_weight': 'balanced'}. Best is trial 1 with value: 1.0.
2024-11-26 13:02:29,223 - INFO - Trial 36 finished with value: 0.99013357619915 and parameters: {'n_estimators': 126, 'max_depth': 6, 'min_samples_split': 6, 'min_samples_leaf': 3, 'class_weight': None}. Best is trial 1 with value: 1.0.
2024-11-26 13:02:29,351 - INFO - Trial 37 finished with value: 1.0 and parameters: {'n_estimators': 66, 'max_depth': 19, 'min_samples_split': 10, 'min_samples_leaf': 2, 'class_weight': 'balanced'}. Best is trial 1 with value: 1.0.
2024-11-26 13:02:29,540 - INFO - Trial 38 finished with value: 1.0 and parameters: {'n_estimators': 109, 'max_depth': 20, 'min_samples_split': 5, 'min_samples_leaf': 4, 'class_weight': None}. Best is trial 1 with value: 1.0.
2024-11-26 13:02:29,840 - INFO - Trial 39 finished with value: 1.0 and parameters: {'n_estimators': 187, 'max_depth': 17, 'min_samples_split': 2, 'min_samples_leaf': 3, 'class_weight': 'balanced'}. Best is trial 1 with value: 1.0.
2024-11-26 13:02:29,988 - INFO - Trial 40 finished with value: 1.0 and parameters: {'n_estimators': 76, 'max_depth': 15, 'min_samples_split': 8, 'min_samples_leaf': 2, 'class_weight': None}. Best is trial 1 with value: 1.0.
2024-11-26 13:02:30,148 - INFO - Trial 41 finished with value: 0.9949377571191965 and parameters: {'n_estimators': 88, 'max_depth': 20, 'min_samples_split': 10, 'min_samples_leaf': 4, 'class_weight': None}. Best is trial 1 with value: 1.0.
2024-11-26 13:02:30,257 - INFO - Trial 42 finished with value: 1.0 and parameters: {'n_estimators': 50, 'max_depth': 18, 'min_samples_split': 9, 'min_samples_leaf': 4, 'class_weight': None}. Best is trial 1 with value: 1.0.
2024-11-26 13:02:30,432 - INFO - Trial 43 finished with value: 1.0 and parameters: {'n_estimators': 97, 'max_depth': 19, 'min_samples_split': 6, 'min_samples_leaf': 4, 'class_weight': None}. Best is trial 1 with value: 1.0.
2024-11-26 13:02:30,643 - INFO - Trial 44 finished with value: 0.9949377571191965 and parameters: {'n_estimators': 120, 'max_depth': 18, 'min_samples_split': 10, 'min_samples_leaf': 2, 'class_weight': None}. Best is trial 1 with value: 1.0.
2024-11-26 13:02:30,798 - INFO - Trial 45 finished with value: 0.9949377571191965 and parameters: {'n_estimators': 81, 'max_depth': 20, 'min_samples_split': 7, 'min_samples_leaf': 4, 'class_weight': 'balanced'}. Best is trial 1 with value: 1.0.
2024-11-26 13:02:31,022 - INFO - Trial 46 finished with value: 1.0 and parameters: {'n_estimators': 133, 'max_depth': 17, 'min_samples_split': 10, 'min_samples_leaf': 1, 'class_weight': None}. Best is trial 1 with value: 1.0.
2024-11-26 13:02:31,149 - INFO - Trial 47 finished with value: 1.0 and parameters: {'n_estimators': 63, 'max_depth': 19, 'min_samples_split': 9, 'min_samples_leaf': 2, 'class_weight': 'balanced'}. Best is trial 1 with value: 1.0.
2024-11-26 13:02:31,335 - INFO - Trial 48 finished with value: 0.99013357619915 and parameters: {'n_estimators': 109, 'max_depth': 9, 'min_samples_split': 6, 'min_samples_leaf': 3, 'class_weight': None}. Best is trial 1 with value: 1.0.
2024-11-26 13:02:31,611 - INFO - Trial 49 finished with value: 1.0 and parameters: {'n_estimators': 158, 'max_depth': 16, 'min_samples_split': 8, 'min_samples_leaf': 2, 'class_weight': None}. Best is trial 1 with value: 1.0.
2024-11-26 13:02:31,898 - INFO - Trial 50 finished with value: 1.0 and parameters: {'n_estimators': 179, 'max_depth': 18, 'min_samples_split': 3, 'min_samples_leaf': 3, 'class_weight': 'balanced'}. Best is trial 1 with value: 1.0.
2024-11-26 13:02:32,104 - INFO - Trial 51 finished with value: 0.99013357619915 and parameters: {'n_estimators': 118, 'max_depth': 7, 'min_samples_split': 2, 'min_samples_leaf': 1, 'class_weight': 'balanced'}. Best is trial 1 with value: 1.0.
2024-11-26 13:02:32,339 - INFO - Trial 52 finished with value: 0.9946251129177958 and parameters: {'n_estimators': 140, 'max_depth': 12, 'min_samples_split': 3, 'min_samples_leaf': 1, 'class_weight': 'balanced'}. Best is trial 1 with value: 1.0.
2024-11-26 13:02:32,505 - INFO - Trial 53 finished with value: 1.0 and parameters: {'n_estimators': 92, 'max_depth': 11, 'min_samples_split': 5, 'min_samples_leaf': 1, 'class_weight': 'balanced'}. Best is trial 1 with value: 1.0.
2024-11-26 13:02:32,647 - INFO - Trial 54 finished with value: 0.99013357619915 and parameters: {'n_estimators': 86, 'max_depth': 3, 'min_samples_split': 3, 'min_samples_leaf': 1, 'class_weight': 'balanced'}. Best is trial 1 with value: 1.0.
2024-11-26 13:02:32,792 - INFO - Trial 55 finished with value: 1.0 and parameters: {'n_estimators': 73, 'max_depth': 20, 'min_samples_split': 7, 'min_samples_leaf': 3, 'class_weight': None}. Best is trial 1 with value: 1.0.
2024-11-26 13:02:33,074 - INFO - Trial 56 finished with value: 0.99013357619915 and parameters: {'n_estimators': 198, 'max_depth': 4, 'min_samples_split': 9, 'min_samples_leaf': 2, 'class_weight': 'balanced'}. Best is trial 1 with value: 1.0.
2024-11-26 13:02:33,345 - INFO - Trial 57 finished with value: 1.0 and parameters: {'n_estimators': 167, 'max_depth': 14, 'min_samples_split': 4, 'min_samples_leaf': 3, 'class_weight': None}. Best is trial 1 with value: 1.0.
2024-11-26 13:02:33,589 - INFO - Trial 58 finished with value: 1.0 and parameters: {'n_estimators': 148, 'max_depth': 15, 'min_samples_split': 5, 'min_samples_leaf': 3, 'class_weight': 'balanced'}. Best is trial 1 with value: 1.0.
2024-11-26 13:02:33,783 - INFO - Trial 59 finished with value: 1.0 and parameters: {'n_estimators': 103, 'max_depth': 19, 'min_samples_split': 9, 'min_samples_leaf': 2, 'class_weight': None}. Best is trial 1 with value: 1.0.
2024-11-26 13:02:33,910 - INFO - Trial 60 finished with value: 0.9946251129177958 and parameters: {'n_estimators': 58, 'max_depth': 17, 'min_samples_split': 10, 'min_samples_leaf': 1, 'class_weight': 'balanced'}. Best is trial 1 with value: 1.0.
2024-11-26 13:02:34,037 - INFO - Trial 61 finished with value: 1.0 and parameters: {'n_estimators': 61, 'max_depth': 18, 'min_samples_split': 6, 'min_samples_leaf': 2, 'class_weight': 'balanced'}. Best is trial 1 with value: 1.0.
2024-11-26 13:02:34,178 - INFO - Trial 62 finished with value: 1.0 and parameters: {'n_estimators': 71, 'max_depth': 13, 'min_samples_split': 6, 'min_samples_leaf': 2, 'class_weight': 'balanced'}. Best is trial 1 with value: 1.0.
2024-11-26 13:02:34,332 - INFO - Trial 63 finished with value: 1.0 and parameters: {'n_estimators': 80, 'max_depth': 19, 'min_samples_split': 7, 'min_samples_leaf': 3, 'class_weight': 'balanced'}. Best is trial 1 with value: 1.0.
2024-11-26 13:02:34,504 - INFO - Trial 64 finished with value: 1.0 and parameters: {'n_estimators': 95, 'max_depth': 20, 'min_samples_split': 8, 'min_samples_leaf': 2, 'class_weight': 'balanced'}. Best is trial 1 with value: 1.0.
2024-11-26 13:02:34,625 - INFO - Trial 65 finished with value: 1.0 and parameters: {'n_estimators': 55, 'max_depth': 16, 'min_samples_split': 4, 'min_samples_leaf': 3, 'class_weight': None}. Best is trial 1 with value: 1.0.
2024-11-26 13:02:34,844 - INFO - Trial 66 finished with value: 1.0 and parameters: {'n_estimators': 127, 'max_depth': 20, 'min_samples_split': 7, 'min_samples_leaf': 2, 'class_weight': 'balanced'}. Best is trial 1 with value: 1.0.
2024-11-26 13:02:35,044 - INFO - Trial 67 finished with value: 1.0 and parameters: {'n_estimators': 116, 'max_depth': 19, 'min_samples_split': 10, 'min_samples_leaf': 4, 'class_weight': 'balanced'}. Best is trial 1 with value: 1.0.
2024-11-26 13:02:35,233 - INFO - Trial 68 finished with value: 1.0 and parameters: {'n_estimators': 106, 'max_depth': 17, 'min_samples_split': 5, 'min_samples_leaf': 3, 'class_weight': None}. Best is trial 1 with value: 1.0.
2024-11-26 13:02:35,567 - INFO - Trial 69 finished with value: 1.0 and parameters: {'n_estimators': 205, 'max_depth': 19, 'min_samples_split': 9, 'min_samples_leaf': 3, 'class_weight': 'balanced'}. Best is trial 1 with value: 1.0.
2024-11-26 13:02:35,733 - INFO - Trial 70 finished with value: 1.0 and parameters: {'n_estimators': 83, 'max_depth': 18, 'min_samples_split': 8, 'min_samples_leaf': 1, 'class_weight': None}. Best is trial 1 with value: 1.0.
2024-11-26 13:02:36,028 - INFO - Trial 71 finished with value: 1.0 and parameters: {'n_estimators': 158, 'max_depth': 13, 'min_samples_split': 5, 'min_samples_leaf': 2, 'class_weight': 'balanced'}. Best is trial 1 with value: 1.0.
2024-11-26 13:02:36,295 - INFO - Trial 72 finished with value: 1.0 and parameters: {'n_estimators': 142, 'max_depth': 17, 'min_samples_split': 6, 'min_samples_leaf': 2, 'class_weight': 'balanced'}. Best is trial 1 with value: 1.0.
2024-11-26 13:02:36,551 - INFO - Trial 73 finished with value: 1.0 and parameters: {'n_estimators': 135, 'max_depth': 16, 'min_samples_split': 6, 'min_samples_leaf': 2, 'class_weight': 'balanced'}. Best is trial 1 with value: 1.0.
2024-11-26 13:02:36,882 - INFO - Trial 74 finished with value: 1.0 and parameters: {'n_estimators': 174, 'max_depth': 20, 'min_samples_split': 2, 'min_samples_leaf': 2, 'class_weight': 'balanced'}. Best is trial 1 with value: 1.0.
2024-11-26 13:02:37,135 - INFO - Trial 75 finished with value: 1.0 and parameters: {'n_estimators': 153, 'max_depth': 15, 'min_samples_split': 7, 'min_samples_leaf': 3, 'class_weight': None}. Best is trial 1 with value: 1.0.
2024-11-26 13:02:37,365 - INFO - Trial 76 finished with value: 1.0 and parameters: {'n_estimators': 129, 'max_depth': 18, 'min_samples_split': 6, 'min_samples_leaf': 2, 'class_weight': 'balanced'}. Best is trial 1 with value: 1.0.
2024-11-26 13:02:37,583 - INFO - Trial 77 finished with value: 0.9949377571191965 and parameters: {'n_estimators': 113, 'max_depth': 10, 'min_samples_split': 5, 'min_samples_leaf': 4, 'class_weight': None}. Best is trial 1 with value: 1.0.
2024-11-26 13:02:37,836 - INFO - Trial 78 finished with value: 1.0 and parameters: {'n_estimators': 121, 'max_depth': 19, 'min_samples_split': 10, 'min_samples_leaf': 3, 'class_weight': 'balanced'}. Best is trial 1 with value: 1.0.
2024-11-26 13:02:37,990 - INFO - Trial 79 finished with value: 1.0 and parameters: {'n_estimators': 70, 'max_depth': 20, 'min_samples_split': 8, 'min_samples_leaf': 2, 'class_weight': 'balanced'}. Best is trial 1 with value: 1.0.
2024-11-26 13:02:38,168 - INFO - Trial 80 finished with value: 1.0 and parameters: {'n_estimators': 92, 'max_depth': 18, 'min_samples_split': 6, 'min_samples_leaf': 3, 'class_weight': None}. Best is trial 1 with value: 1.0.
2024-11-26 13:02:38,369 - INFO - Trial 81 finished with value: 1.0 and parameters: {'n_estimators': 103, 'max_depth': 12, 'min_samples_split': 7, 'min_samples_leaf': 2, 'class_weight': None}. Best is trial 1 with value: 1.0.
2024-11-26 13:02:38,549 - INFO - Trial 82 finished with value: 0.9949377571191965 and parameters: {'n_estimators': 88, 'max_depth': 11, 'min_samples_split': 7, 'min_samples_leaf': 2, 'class_weight': None}. Best is trial 1 with value: 1.0.
2024-11-26 13:02:38,667 - INFO - Trial 83 finished with value: 1.0 and parameters: {'n_estimators': 50, 'max_depth': 14, 'min_samples_split': 8, 'min_samples_leaf': 2, 'class_weight': None}. Best is trial 1 with value: 1.0.
2024-11-26 13:02:38,988 - INFO - Trial 84 finished with value: 1.0 and parameters: {'n_estimators': 185, 'max_depth': 13, 'min_samples_split': 7, 'min_samples_leaf': 4, 'class_weight': None}. Best is trial 1 with value: 1.0.
2024-11-26 13:02:39,132 - INFO - Trial 85 finished with value: 1.0 and parameters: {'n_estimators': 65, 'max_depth': 11, 'min_samples_split': 9, 'min_samples_leaf': 1, 'class_weight': None}. Best is trial 1 with value: 1.0.
2024-11-26 13:02:39,496 - INFO - Trial 86 finished with value: 1.0 and parameters: {'n_estimators': 220, 'max_depth': 20, 'min_samples_split': 6, 'min_samples_leaf': 2, 'class_weight': 'balanced'}. Best is trial 1 with value: 1.0.
2024-11-26 13:02:39,657 - INFO - Trial 87 finished with value: 1.0 and parameters: {'n_estimators': 78, 'max_depth': 12, 'min_samples_split': 7, 'min_samples_leaf': 2, 'class_weight': None}. Best is trial 1 with value: 1.0.
2024-11-26 13:02:39,845 - INFO - Trial 88 finished with value: 1.0 and parameters: {'n_estimators': 97, 'max_depth': 19, 'min_samples_split': 9, 'min_samples_leaf': 3, 'class_weight': 'balanced'}. Best is trial 1 with value: 1.0.
2024-11-26 13:02:40,131 - INFO - Trial 89 finished with value: 0.99013357619915 and parameters: {'n_estimators': 164, 'max_depth': 8, 'min_samples_split': 4, 'min_samples_leaf': 1, 'class_weight': None}. Best is trial 1 with value: 1.0.
2024-11-26 13:02:40,363 - INFO - Trial 90 finished with value: 1.0 and parameters: {'n_estimators': 123, 'max_depth': 17, 'min_samples_split': 3, 'min_samples_leaf': 2, 'class_weight': 'balanced'}. Best is trial 1 with value: 1.0.
2024-11-26 13:02:40,753 - INFO - Trial 91 finished with value: 1.0 and parameters: {'n_estimators': 246, 'max_depth': 18, 'min_samples_split': 5, 'min_samples_leaf': 2, 'class_weight': 'balanced'}. Best is trial 1 with value: 1.0.
2024-11-26 13:02:41,240 - INFO - Trial 92 finished with value: 1.0 and parameters: {'n_estimators': 271, 'max_depth': 19, 'min_samples_split': 4, 'min_samples_leaf': 2, 'class_weight': 'balanced'}. Best is trial 1 with value: 1.0.
2024-11-26 13:02:41,724 - INFO - Trial 93 finished with value: 0.99013357619915 and parameters: {'n_estimators': 278, 'max_depth': 9, 'min_samples_split': 5, 'min_samples_leaf': 2, 'class_weight': 'balanced'}. Best is trial 1 with value: 1.0.
2024-11-26 13:02:41,936 - INFO - Trial 94 finished with value: 1.0 and parameters: {'n_estimators': 111, 'max_depth': 17, 'min_samples_split': 6, 'min_samples_leaf': 3, 'class_weight': 'balanced'}. Best is trial 1 with value: 1.0.
2024-11-26 13:02:42,373 - INFO - Trial 95 finished with value: 1.0 and parameters: {'n_estimators': 285, 'max_depth': 16, 'min_samples_split': 10, 'min_samples_leaf': 2, 'class_weight': 'balanced'}. Best is trial 1 with value: 1.0.
2024-11-26 13:02:42,630 - INFO - Trial 96 finished with value: 1.0 and parameters: {'n_estimators': 135, 'max_depth': 20, 'min_samples_split': 8, 'min_samples_leaf': 2, 'class_weight': None}. Best is trial 1 with value: 1.0.
2024-11-26 13:02:43,044 - INFO - Trial 97 finished with value: 1.0 and parameters: {'n_estimators': 256, 'max_depth': 19, 'min_samples_split': 10, 'min_samples_leaf': 3, 'class_weight': 'balanced'}. Best is trial 1 with value: 1.0.
2024-11-26 13:02:43,448 - INFO - Trial 98 finished with value: 1.0 and parameters: {'n_estimators': 232, 'max_depth': 18, 'min_samples_split': 5, 'min_samples_leaf': 4, 'class_weight': None}. Best is trial 1 with value: 1.0.
2024-11-26 13:02:43,590 - INFO - Trial 99 finished with value: 1.0 and parameters: {'n_estimators': 61, 'max_depth': 20, 'min_samples_split': 2, 'min_samples_leaf': 2, 'class_weight': 'balanced'}. Best is trial 1 with value: 1.0.
2024-11-26 13:02:44,154 - INFO - A new study created in memory with name: no-name-2428cd66-1f35-4ab8-b7d5-33b45558cfae
2024-11-26 13:02:44,178 - INFO - Trial 0 finished with value: 0.99013357619915 and parameters: {'max_depth': 8, 'min_samples_split': 3, 'min_samples_leaf': 1, 'class_weight': None}. Best is trial 0 with value: 0.99013357619915.
2024-11-26 13:02:44,201 - INFO - Trial 1 finished with value: 0.9946251129177958 and parameters: {'max_depth': 12, 'min_samples_split': 4, 'min_samples_leaf': 2, 'class_weight': 'balanced'}. Best is trial 1 with value: 0.9946251129177958.
2024-11-26 13:02:44,224 - INFO - Trial 2 finished with value: 0.9895833333333334 and parameters: {'max_depth': 16, 'min_samples_split': 7, 'min_samples_leaf': 4, 'class_weight': None}. Best is trial 1 with value: 0.9946251129177958.
2024-11-26 13:02:44,248 - INFO - Trial 3 finished with value: 0.9895833333333334 and parameters: {'max_depth': 19, 'min_samples_split': 2, 'min_samples_leaf': 4, 'class_weight': 'balanced'}. Best is trial 1 with value: 0.9946251129177958.
2024-11-26 13:02:44,270 - INFO - Trial 4 finished with value: 0.9895833333333334 and parameters: {'max_depth': 17, 'min_samples_split': 9, 'min_samples_leaf': 4, 'class_weight': None}. Best is trial 1 with value: 0.9946251129177958.
2024-11-26 13:02:44,294 - INFO - Trial 5 finished with value: 0.9895833333333334 and parameters: {'max_depth': 14, 'min_samples_split': 9, 'min_samples_leaf': 4, 'class_weight': 'balanced'}. Best is trial 1 with value: 0.9946251129177958.
2024-11-26 13:02:44,316 - INFO - Trial 6 finished with value: 0.9895833333333334 and parameters: {'max_depth': 17, 'min_samples_split': 3, 'min_samples_leaf': 4, 'class_weight': None}. Best is trial 1 with value: 0.9946251129177958.
2024-11-26 13:02:44,338 - INFO - Trial 7 finished with value: 0.9895833333333334 and parameters: {'max_depth': 8, 'min_samples_split': 2, 'min_samples_leaf': 2, 'class_weight': None}. Best is trial 1 with value: 0.9946251129177958.
2024-11-26 13:02:44,361 - INFO - Trial 8 finished with value: 0.9895833333333334 and parameters: {'max_depth': 6, 'min_samples_split': 7, 'min_samples_leaf': 3, 'class_weight': 'balanced'}. Best is trial 1 with value: 0.9946251129177958.
2024-11-26 13:02:44,386 - INFO - Trial 9 finished with value: 0.9895833333333334 and parameters: {'max_depth': 7, 'min_samples_split': 4, 'min_samples_leaf': 3, 'class_weight': 'balanced'}. Best is trial 1 with value: 0.9946251129177958.
2024-11-26 13:02:44,420 - INFO - Trial 10 finished with value: 0.9946251129177958 and parameters: {'max_depth': 12, 'min_samples_split': 5, 'min_samples_leaf': 1, 'class_weight': 'balanced'}. Best is trial 1 with value: 0.9946251129177958.
2024-11-26 13:02:44,456 - INFO - Trial 11 finished with value: 1.0 and parameters: {'max_depth': 12, 'min_samples_split': 5, 'min_samples_leaf': 1, 'class_weight': 'balanced'}. Best is trial 11 with value: 1.0.
2024-11-26 13:02:44,491 - INFO - Trial 12 finished with value: 0.9946251129177958 and parameters: {'max_depth': 11, 'min_samples_split': 6, 'min_samples_leaf': 2, 'class_weight': 'balanced'}. Best is trial 11 with value: 1.0.
2024-11-26 13:02:44,529 - INFO - Trial 13 finished with value: 1.0 and parameters: {'max_depth': 11, 'min_samples_split': 5, 'min_samples_leaf': 1, 'class_weight': 'balanced'}. Best is trial 11 with value: 1.0.
2024-11-26 13:02:44,563 - INFO - Trial 14 finished with value: 0.99013357619915 and parameters: {'max_depth': 4, 'min_samples_split': 6, 'min_samples_leaf': 1, 'class_weight': 'balanced'}. Best is trial 11 with value: 1.0.
2024-11-26 13:02:44,600 - INFO - Trial 15 finished with value: 0.9895833333333334 and parameters: {'max_depth': 11, 'min_samples_split': 5, 'min_samples_leaf': 1, 'class_weight': 'balanced'}. Best is trial 11 with value: 1.0.
2024-11-26 13:02:44,633 - INFO - Trial 16 finished with value: 0.9946251129177958 and parameters: {'max_depth': 14, 'min_samples_split': 7, 'min_samples_leaf': 2, 'class_weight': 'balanced'}. Best is trial 11 with value: 1.0.
2024-11-26 13:02:44,669 - INFO - Trial 17 finished with value: 0.9946251129177958 and parameters: {'max_depth': 10, 'min_samples_split': 5, 'min_samples_leaf': 1, 'class_weight': 'balanced'}. Best is trial 11 with value: 1.0.
2024-11-26 13:02:44,714 - INFO - Trial 18 finished with value: 1.0 and parameters: {'max_depth': 14, 'min_samples_split': 10, 'min_samples_leaf': 1, 'class_weight': 'balanced'}. Best is trial 11 with value: 1.0.
2024-11-26 13:02:44,751 - INFO - Trial 19 finished with value: 0.9888674388674389 and parameters: {'max_depth': 9, 'min_samples_split': 8, 'min_samples_leaf': 3, 'class_weight': 'balanced'}. Best is trial 11 with value: 1.0.
2024-11-26 13:02:44,784 - INFO - Trial 20 finished with value: 0.99013357619915 and parameters: {'max_depth': 4, 'min_samples_split': 4, 'min_samples_leaf': 2, 'class_weight': 'balanced'}. Best is trial 11 with value: 1.0.
2024-11-26 13:02:44,820 - INFO - Trial 21 finished with value: 0.9895833333333334 and parameters: {'max_depth': 15, 'min_samples_split': 10, 'min_samples_leaf': 1, 'class_weight': 'balanced'}. Best is trial 11 with value: 1.0.
2024-11-26 13:02:44,858 - INFO - Trial 22 finished with value: 0.9949377571191965 and parameters: {'max_depth': 13, 'min_samples_split': 10, 'min_samples_leaf': 1, 'class_weight': 'balanced'}. Best is trial 11 with value: 1.0.
2024-11-26 13:02:44,895 - INFO - Trial 23 finished with value: 0.9895833333333334 and parameters: {'max_depth': 19, 'min_samples_split': 6, 'min_samples_leaf': 1, 'class_weight': 'balanced'}. Best is trial 11 with value: 1.0.
2024-11-26 13:02:44,930 - INFO - Trial 24 finished with value: 0.9895833333333334 and parameters: {'max_depth': 13, 'min_samples_split': 8, 'min_samples_leaf': 2, 'class_weight': 'balanced'}. Best is trial 11 with value: 1.0.
2024-11-26 13:02:44,965 - INFO - Trial 25 finished with value: 0.9949377571191965 and parameters: {'max_depth': 10, 'min_samples_split': 5, 'min_samples_leaf': 1, 'class_weight': 'balanced'}. Best is trial 11 with value: 1.0.
2024-11-26 13:02:44,998 - INFO - Trial 26 finished with value: 1.0 and parameters: {'max_depth': 15, 'min_samples_split': 3, 'min_samples_leaf': 1, 'class_weight': None}. Best is trial 11 with value: 1.0.
2024-11-26 13:02:45,033 - INFO - Trial 27 finished with value: 0.9946251129177958 and parameters: {'max_depth': 13, 'min_samples_split': 8, 'min_samples_leaf': 2, 'class_weight': 'balanced'}. Best is trial 11 with value: 1.0.
2024-11-26 13:02:45,069 - INFO - Trial 28 finished with value: 0.9895833333333334 and parameters: {'max_depth': 10, 'min_samples_split': 4, 'min_samples_leaf': 1, 'class_weight': 'balanced'}. Best is trial 11 with value: 1.0.
2024-11-26 13:02:45,101 - INFO - Trial 29 finished with value: 0.9848132713575893 and parameters: {'max_depth': 6, 'min_samples_split': 7, 'min_samples_leaf': 1, 'class_weight': None}. Best is trial 11 with value: 1.0.
2024-11-26 13:02:45,136 - INFO - Trial 30 finished with value: 0.9946251129177958 and parameters: {'max_depth': 17, 'min_samples_split': 5, 'min_samples_leaf': 2, 'class_weight': 'balanced'}. Best is trial 11 with value: 1.0.
2024-11-26 13:02:45,171 - INFO - Trial 31 finished with value: 1.0 and parameters: {'max_depth': 15, 'min_samples_split': 3, 'min_samples_leaf': 1, 'class_weight': None}. Best is trial 11 with value: 1.0.
2024-11-26 13:02:45,205 - INFO - Trial 32 finished with value: 1.0 and parameters: {'max_depth': 15, 'min_samples_split': 2, 'min_samples_leaf': 1, 'class_weight': None}. Best is trial 11 with value: 1.0.
2024-11-26 13:02:45,239 - INFO - Trial 33 finished with value: 0.9946251129177958 and parameters: {'max_depth': 12, 'min_samples_split': 3, 'min_samples_leaf': 1, 'class_weight': None}. Best is trial 11 with value: 1.0.
2024-11-26 13:02:45,274 - INFO - Trial 34 finished with value: 0.9895833333333334 and parameters: {'max_depth': 16, 'min_samples_split': 6, 'min_samples_leaf': 1, 'class_weight': None}. Best is trial 11 with value: 1.0.
2024-11-26 13:02:45,310 - INFO - Trial 35 finished with value: 1.0 and parameters: {'max_depth': 14, 'min_samples_split': 4, 'min_samples_leaf': 1, 'class_weight': None}. Best is trial 11 with value: 1.0.
2024-11-26 13:02:45,343 - INFO - Trial 36 finished with value: 0.9888674388674389 and parameters: {'max_depth': 20, 'min_samples_split': 4, 'min_samples_leaf': 2, 'class_weight': None}. Best is trial 11 with value: 1.0.
2024-11-26 13:02:45,376 - INFO - Trial 37 finished with value: 0.9838753387533877 and parameters: {'max_depth': 16, 'min_samples_split': 9, 'min_samples_leaf': 1, 'class_weight': None}. Best is trial 11 with value: 1.0.
2024-11-26 13:02:45,409 - INFO - Trial 38 finished with value: 0.9946251129177958 and parameters: {'max_depth': 13, 'min_samples_split': 2, 'min_samples_leaf': 1, 'class_weight': 'balanced'}. Best is trial 11 with value: 1.0.
2024-11-26 13:02:45,441 - INFO - Trial 39 finished with value: 0.9888674388674389 and parameters: {'max_depth': 9, 'min_samples_split': 3, 'min_samples_leaf': 2, 'class_weight': None}. Best is trial 11 with value: 1.0.
2024-11-26 13:02:45,476 - INFO - Trial 40 finished with value: 0.9946251129177958 and parameters: {'max_depth': 11, 'min_samples_split': 6, 'min_samples_leaf': 1, 'class_weight': 'balanced'}. Best is trial 11 with value: 1.0.
2024-11-26 13:02:45,510 - INFO - Trial 41 finished with value: 0.9895833333333334 and parameters: {'max_depth': 15, 'min_samples_split': 3, 'min_samples_leaf': 1, 'class_weight': None}. Best is trial 11 with value: 1.0.
2024-11-26 13:02:45,544 - INFO - Trial 42 finished with value: 0.9895833333333334 and parameters: {'max_depth': 18, 'min_samples_split': 3, 'min_samples_leaf': 1, 'class_weight': None}. Best is trial 11 with value: 1.0.
2024-11-26 13:02:45,579 - INFO - Trial 43 finished with value: 1.0 and parameters: {'max_depth': 14, 'min_samples_split': 2, 'min_samples_leaf': 1, 'class_weight': None}. Best is trial 11 with value: 1.0.
2024-11-26 13:02:45,614 - INFO - Trial 44 finished with value: 0.9895833333333334 and parameters: {'max_depth': 12, 'min_samples_split': 4, 'min_samples_leaf': 1, 'class_weight': None}. Best is trial 11 with value: 1.0.
2024-11-26 13:02:45,650 - INFO - Trial 45 finished with value: 0.9946251129177958 and parameters: {'max_depth': 16, 'min_samples_split': 3, 'min_samples_leaf': 3, 'class_weight': None}. Best is trial 11 with value: 1.0.
2024-11-26 13:02:45,683 - INFO - Trial 46 finished with value: 0.9949377571191965 and parameters: {'max_depth': 17, 'min_samples_split': 5, 'min_samples_leaf': 1, 'class_weight': None}. Best is trial 11 with value: 1.0.
2024-11-26 13:02:45,720 - INFO - Trial 47 finished with value: 0.9946251129177958 and parameters: {'max_depth': 12, 'min_samples_split': 7, 'min_samples_leaf': 2, 'class_weight': 'balanced'}. Best is trial 11 with value: 1.0.
2024-11-26 13:02:45,758 - INFO - Trial 48 finished with value: 0.9895833333333334 and parameters: {'max_depth': 15, 'min_samples_split': 4, 'min_samples_leaf': 4, 'class_weight': 'balanced'}. Best is trial 11 with value: 1.0.
2024-11-26 13:02:45,796 - INFO - Trial 49 finished with value: 0.9946251129177958 and parameters: {'max_depth': 18, 'min_samples_split': 2, 'min_samples_leaf': 1, 'class_weight': 'balanced'}. Best is trial 11 with value: 1.0.
2024-11-26 13:02:45,831 - INFO - Trial 50 finished with value: 0.9946251129177958 and parameters: {'max_depth': 14, 'min_samples_split': 5, 'min_samples_leaf': 2, 'class_weight': None}. Best is trial 11 with value: 1.0.
2024-11-26 13:02:45,869 - INFO - Trial 51 finished with value: 0.9946251129177958 and parameters: {'max_depth': 15, 'min_samples_split': 2, 'min_samples_leaf': 1, 'class_weight': None}. Best is trial 11 with value: 1.0.
2024-11-26 13:02:45,905 - INFO - Trial 52 finished with value: 0.9895833333333334 and parameters: {'max_depth': 16, 'min_samples_split': 3, 'min_samples_leaf': 1, 'class_weight': None}. Best is trial 11 with value: 1.0.
2024-11-26 13:02:45,941 - INFO - Trial 53 finished with value: 0.9895833333333334 and parameters: {'max_depth': 13, 'min_samples_split': 2, 'min_samples_leaf': 1, 'class_weight': None}. Best is trial 11 with value: 1.0.
2024-11-26 13:02:45,978 - INFO - Trial 54 finished with value: 1.0 and parameters: {'max_depth': 14, 'min_samples_split': 3, 'min_samples_leaf': 1, 'class_weight': None}. Best is trial 11 with value: 1.0.
2024-11-26 13:02:46,019 - INFO - Trial 55 finished with value: 0.9895833333333334 and parameters: {'max_depth': 15, 'min_samples_split': 2, 'min_samples_leaf': 1, 'class_weight': 'balanced'}. Best is trial 11 with value: 1.0.
2024-11-26 13:02:46,056 - INFO - Trial 56 finished with value: 1.0 and parameters: {'max_depth': 11, 'min_samples_split': 6, 'min_samples_leaf': 1, 'class_weight': 'balanced'}. Best is trial 11 with value: 1.0.
2024-11-26 13:02:46,091 - INFO - Trial 57 finished with value: 0.9895833333333334 and parameters: {'max_depth': 13, 'min_samples_split': 9, 'min_samples_leaf': 1, 'class_weight': None}. Best is trial 11 with value: 1.0.
2024-11-26 13:02:46,131 - INFO - Trial 58 finished with value: 0.9895833333333334 and parameters: {'max_depth': 9, 'min_samples_split': 4, 'min_samples_leaf': 1, 'class_weight': 'balanced'}. Best is trial 11 with value: 1.0.
2024-11-26 13:02:46,171 - INFO - Trial 59 finished with value: 0.9888674388674389 and parameters: {'max_depth': 17, 'min_samples_split': 5, 'min_samples_leaf': 2, 'class_weight': 'balanced'}. Best is trial 11 with value: 1.0.
2024-11-26 13:02:46,207 - INFO - Trial 60 finished with value: 0.9946251129177958 and parameters: {'max_depth': 12, 'min_samples_split': 10, 'min_samples_leaf': 1, 'class_weight': None}. Best is trial 11 with value: 1.0.
2024-11-26 13:02:46,239 - INFO - Trial 61 finished with value: 1.0 and parameters: {'max_depth': 14, 'min_samples_split': 4, 'min_samples_leaf': 1, 'class_weight': None}. Best is trial 11 with value: 1.0.
2024-11-26 13:02:46,274 - INFO - Trial 62 finished with value: 1.0 and parameters: {'max_depth': 14, 'min_samples_split': 4, 'min_samples_leaf': 1, 'class_weight': None}. Best is trial 11 with value: 1.0.
2024-11-26 13:02:46,309 - INFO - Trial 63 finished with value: 1.0 and parameters: {'max_depth': 15, 'min_samples_split': 3, 'min_samples_leaf': 1, 'class_weight': None}. Best is trial 11 with value: 1.0.
2024-11-26 13:02:46,346 - INFO - Trial 64 finished with value: 0.9888674388674389 and parameters: {'max_depth': 16, 'min_samples_split': 5, 'min_samples_leaf': 1, 'class_weight': None}. Best is trial 11 with value: 1.0.
2024-11-26 13:02:46,382 - INFO - Trial 65 finished with value: 1.0 and parameters: {'max_depth': 11, 'min_samples_split': 4, 'min_samples_leaf': 1, 'class_weight': None}. Best is trial 11 with value: 1.0.
2024-11-26 13:02:46,419 - INFO - Trial 66 finished with value: 0.9946251129177958 and parameters: {'max_depth': 13, 'min_samples_split': 2, 'min_samples_leaf': 1, 'class_weight': 'balanced'}. Best is trial 11 with value: 1.0.
2024-11-26 13:02:46,456 - INFO - Trial 67 finished with value: 0.9946251129177958 and parameters: {'max_depth': 10, 'min_samples_split': 4, 'min_samples_leaf': 1, 'class_weight': 'balanced'}. Best is trial 11 with value: 1.0.
2024-11-26 13:02:46,489 - INFO - Trial 68 finished with value: 0.9946251129177958 and parameters: {'max_depth': 14, 'min_samples_split': 5, 'min_samples_leaf': 3, 'class_weight': None}. Best is trial 11 with value: 1.0.
2024-11-26 13:02:46,524 - INFO - Trial 69 finished with value: 0.9802671523982999 and parameters: {'max_depth': 3, 'min_samples_split': 3, 'min_samples_leaf': 1, 'class_weight': 'balanced'}. Best is trial 11 with value: 1.0.
2024-11-26 13:02:46,565 - INFO - Trial 70 finished with value: 0.9895833333333334 and parameters: {'max_depth': 15, 'min_samples_split': 6, 'min_samples_leaf': 1, 'class_weight': None}. Best is trial 11 with value: 1.0.
2024-11-26 13:02:46,598 - INFO - Trial 71 finished with value: 0.9895833333333334 and parameters: {'max_depth': 14, 'min_samples_split': 2, 'min_samples_leaf': 1, 'class_weight': None}. Best is trial 11 with value: 1.0.
2024-11-26 13:02:46,633 - INFO - Trial 72 finished with value: 0.9888674388674389 and parameters: {'max_depth': 12, 'min_samples_split': 2, 'min_samples_leaf': 1, 'class_weight': None}. Best is trial 11 with value: 1.0.
2024-11-26 13:02:46,673 - INFO - Trial 73 finished with value: 0.9946251129177958 and parameters: {'max_depth': 16, 'min_samples_split': 2, 'min_samples_leaf': 1, 'class_weight': None}. Best is trial 11 with value: 1.0.
2024-11-26 13:02:46,709 - INFO - Trial 74 finished with value: 0.9949377571191965 and parameters: {'max_depth': 14, 'min_samples_split': 3, 'min_samples_leaf': 1, 'class_weight': None}. Best is trial 11 with value: 1.0.
2024-11-26 13:02:46,745 - INFO - Trial 75 finished with value: 0.9949377571191965 and parameters: {'max_depth': 13, 'min_samples_split': 3, 'min_samples_leaf': 1, 'class_weight': None}. Best is trial 11 with value: 1.0.
2024-11-26 13:02:46,786 - INFO - Trial 76 finished with value: 0.9838753387533877 and parameters: {'max_depth': 15, 'min_samples_split': 2, 'min_samples_leaf': 1, 'class_weight': 'balanced'}. Best is trial 11 with value: 1.0.
2024-11-26 13:02:46,821 - INFO - Trial 77 finished with value: 0.9895833333333334 and parameters: {'max_depth': 18, 'min_samples_split': 5, 'min_samples_leaf': 4, 'class_weight': None}. Best is trial 11 with value: 1.0.
2024-11-26 13:02:46,855 - INFO - Trial 78 finished with value: 0.9946251129177958 and parameters: {'max_depth': 11, 'min_samples_split': 4, 'min_samples_leaf': 2, 'class_weight': None}. Best is trial 11 with value: 1.0.
2024-11-26 13:02:46,892 - INFO - Trial 79 finished with value: 0.9946251129177958 and parameters: {'max_depth': 13, 'min_samples_split': 6, 'min_samples_leaf': 1, 'class_weight': 'balanced'}. Best is trial 11 with value: 1.0.
2024-11-26 13:02:46,930 - INFO - Trial 80 finished with value: 0.9949377571191965 and parameters: {'max_depth': 10, 'min_samples_split': 3, 'min_samples_leaf': 1, 'class_weight': None}. Best is trial 11 with value: 1.0.
2024-11-26 13:02:46,968 - INFO - Trial 81 finished with value: 0.9895833333333334 and parameters: {'max_depth': 14, 'min_samples_split': 3, 'min_samples_leaf': 1, 'class_weight': None}. Best is trial 11 with value: 1.0.
2024-11-26 13:02:47,005 - INFO - Trial 82 finished with value: 0.9946251129177958 and parameters: {'max_depth': 15, 'min_samples_split': 3, 'min_samples_leaf': 1, 'class_weight': None}. Best is trial 11 with value: 1.0.
2024-11-26 13:02:47,041 - INFO - Trial 83 finished with value: 1.0 and parameters: {'max_depth': 14, 'min_samples_split': 2, 'min_samples_leaf': 1, 'class_weight': None}. Best is trial 11 with value: 1.0.
2024-11-26 13:02:47,077 - INFO - Trial 84 finished with value: 0.9949377571191965 and parameters: {'max_depth': 12, 'min_samples_split': 3, 'min_samples_leaf': 1, 'class_weight': None}. Best is trial 11 with value: 1.0.
2024-11-26 13:02:47,114 - INFO - Trial 85 finished with value: 0.9946251129177958 and parameters: {'max_depth': 16, 'min_samples_split': 4, 'min_samples_leaf': 1, 'class_weight': None}. Best is trial 11 with value: 1.0.
2024-11-26 13:02:47,151 - INFO - Trial 86 finished with value: 0.9946251129177958 and parameters: {'max_depth': 17, 'min_samples_split': 3, 'min_samples_leaf': 1, 'class_weight': 'balanced'}. Best is trial 11 with value: 1.0.
2024-11-26 13:02:47,186 - INFO - Trial 87 finished with value: 0.9895833333333334 and parameters: {'max_depth': 13, 'min_samples_split': 2, 'min_samples_leaf': 1, 'class_weight': None}. Best is trial 11 with value: 1.0.
2024-11-26 13:02:47,223 - INFO - Trial 88 finished with value: 0.9946251129177958 and parameters: {'max_depth': 15, 'min_samples_split': 8, 'min_samples_leaf': 1, 'class_weight': 'balanced'}. Best is trial 11 with value: 1.0.
2024-11-26 13:02:47,259 - INFO - Trial 89 finished with value: 1.0 and parameters: {'max_depth': 14, 'min_samples_split': 4, 'min_samples_leaf': 1, 'class_weight': None}. Best is trial 11 with value: 1.0.
2024-11-26 13:02:47,295 - INFO - Trial 90 finished with value: 0.9946251129177958 and parameters: {'max_depth': 12, 'min_samples_split': 5, 'min_samples_leaf': 2, 'class_weight': 'balanced'}. Best is trial 11 with value: 1.0.
2024-11-26 13:02:47,332 - INFO - Trial 91 finished with value: 0.9848132713575893 and parameters: {'max_depth': 8, 'min_samples_split': 7, 'min_samples_leaf': 1, 'class_weight': 'balanced'}. Best is trial 11 with value: 1.0.
2024-11-26 13:02:47,368 - INFO - Trial 92 finished with value: 0.9895833333333334 and parameters: {'max_depth': 11, 'min_samples_split': 6, 'min_samples_leaf': 1, 'class_weight': 'balanced'}. Best is trial 11 with value: 1.0.
2024-11-26 13:02:47,407 - INFO - Trial 93 finished with value: 0.9949377571191965 and parameters: {'max_depth': 11, 'min_samples_split': 7, 'min_samples_leaf': 1, 'class_weight': 'balanced'}. Best is trial 11 with value: 1.0.
2024-11-26 13:02:47,444 - INFO - Trial 94 finished with value: 0.9888674388674389 and parameters: {'max_depth': 15, 'min_samples_split': 6, 'min_samples_leaf': 1, 'class_weight': 'balanced'}. Best is trial 11 with value: 1.0.
2024-11-26 13:02:47,483 - INFO - Trial 95 finished with value: 0.9949377571191965 and parameters: {'max_depth': 10, 'min_samples_split': 5, 'min_samples_leaf': 1, 'class_weight': 'balanced'}. Best is trial 11 with value: 1.0.
2024-11-26 13:02:47,521 - INFO - Trial 96 finished with value: 0.9949377571191965 and parameters: {'max_depth': 16, 'min_samples_split': 2, 'min_samples_leaf': 1, 'class_weight': None}. Best is trial 11 with value: 1.0.
2024-11-26 13:02:47,561 - INFO - Trial 97 finished with value: 1.0 and parameters: {'max_depth': 13, 'min_samples_split': 4, 'min_samples_leaf': 1, 'class_weight': 'balanced'}. Best is trial 11 with value: 1.0.
2024-11-26 13:02:47,599 - INFO - Trial 98 finished with value: 0.9949377571191965 and parameters: {'max_depth': 9, 'min_samples_split': 3, 'min_samples_leaf': 1, 'class_weight': None}. Best is trial 11 with value: 1.0.
2024-11-26 13:02:47,637 - INFO - Trial 99 finished with value: 0.9949377571191965 and parameters: {'max_depth': 14, 'min_samples_split': 6, 'min_samples_leaf': 1, 'class_weight': 'balanced'}. Best is trial 11 with value: 1.0.
2024-11-26 13:02:47,870 - INFO - A new study created in memory with name: no-name-51754f91-9ca0-4dff-9aaa-58a75b432750
2024-11-26 13:02:47,973 - INFO - Trial 0 finished with value: 0.9946251129177958 and parameters: {'n_estimators': 154, 'max_depth': 4, 'learning_rate': 0.17604137431227362, 'subsample': 0.5847670668559908, 'colsample_bytree': 0.673855586415715, 'scale_pos_weight': 0.8353821286559727}. Best is trial 0 with value: 0.9946251129177958.
2024-11-26 13:02:48,079 - INFO - Trial 1 finished with value: 0.9946251129177958 and parameters: {'n_estimators': 255, 'max_depth': 3, 'learning_rate': 0.1522210826926578, 'subsample': 0.6047758993295266, 'colsample_bytree': 0.8249746700169287, 'scale_pos_weight': 1.4489443108067304}. Best is trial 0 with value: 0.9946251129177958.
2024-11-26 13:02:48,254 - INFO - Trial 2 finished with value: 1.0 and parameters: {'n_estimators': 289, 'max_depth': 10, 'learning_rate': 0.019919950856826338, 'subsample': 0.6791260643765352, 'colsample_bytree': 0.9947081275003855, 'scale_pos_weight': 0.8726541280306879}. Best is trial 2 with value: 1.0.
2024-11-26 13:02:48,345 - INFO - Trial 3 finished with value: 0.9946251129177958 and parameters: {'n_estimators': 186, 'max_depth': 7, 'learning_rate': 0.16832771607851288, 'subsample': 0.7418305772886316, 'colsample_bytree': 0.6682854234083468, 'scale_pos_weight': 1.7597264602510476}. Best is trial 2 with value: 1.0.
2024-11-26 13:02:48,419 - INFO - Trial 4 finished with value: 0.9946251129177958 and parameters: {'n_estimators': 123, 'max_depth': 10, 'learning_rate': 0.17402495019075556, 'subsample': 0.8362244709730753, 'colsample_bytree': 0.6525454122413077, 'scale_pos_weight': 1.6433846376890056}. Best is trial 2 with value: 1.0.
2024-11-26 13:02:48,516 - INFO - Trial 5 finished with value: 0.9946251129177958 and parameters: {'n_estimators': 167, 'max_depth': 12, 'learning_rate': 0.12079790566059456, 'subsample': 0.5808596973778763, 'colsample_bytree': 0.6966196073092763, 'scale_pos_weight': 1.6669727530323528}. Best is trial 2 with value: 1.0.
2024-11-26 13:02:48,637 - INFO - Trial 6 finished with value: 1.0 and parameters: {'n_estimators': 217, 'max_depth': 19, 'learning_rate': 0.11426119323326211, 'subsample': 0.9130352259781055, 'colsample_bytree': 0.8675938018567844, 'scale_pos_weight': 0.5949171649095575}. Best is trial 2 with value: 1.0.
2024-11-26 13:02:48,750 - INFO - Trial 7 finished with value: 0.9946251129177958 and parameters: {'n_estimators': 150, 'max_depth': 17, 'learning_rate': 0.061060711834605076, 'subsample': 0.9385840046469967, 'colsample_bytree': 0.6360056026028353, 'scale_pos_weight': 1.8982920319504237}. Best is trial 2 with value: 1.0.
2024-11-26 13:02:48,833 - INFO - Trial 8 finished with value: 0.9946251129177958 and parameters: {'n_estimators': 173, 'max_depth': 17, 'learning_rate': 0.16971283609867563, 'subsample': 0.6754746111857323, 'colsample_bytree': 0.5905696433441157, 'scale_pos_weight': 0.7858189612629227}. Best is trial 2 with value: 1.0.
2024-11-26 13:02:48,903 - INFO - Trial 9 finished with value: 1.0 and parameters: {'n_estimators': 118, 'max_depth': 15, 'learning_rate': 0.17333464179008776, 'subsample': 0.6494206631249289, 'colsample_bytree': 0.8609471870907164, 'scale_pos_weight': 1.2316945937934407}. Best is trial 2 with value: 1.0.
2024-11-26 13:02:49,030 - INFO - Trial 10 finished with value: 1.0 and parameters: {'n_estimators': 296, 'max_depth': 11, 'learning_rate': 0.25177596435114236, 'subsample': 0.7852090410908292, 'colsample_bytree': 0.9910314542285426, 'scale_pos_weight': 1.0748626168466302}. Best is trial 2 with value: 1.0.
2024-11-26 13:02:49,212 - INFO - Trial 11 finished with value: 0.9949377571191965 and parameters: {'n_estimators': 234, 'max_depth': 13, 'learning_rate': 0.012165391963512429, 'subsample': 0.973423778076924, 'colsample_bytree': 0.9802813606830691, 'scale_pos_weight': 0.5863183547980773}. Best is trial 2 with value: 1.0.
2024-11-26 13:02:49,352 - INFO - Trial 12 finished with value: 1.0 and parameters: {'n_estimators': 296, 'max_depth': 20, 'learning_rate': 0.07211794132269411, 'subsample': 0.8835462448267473, 'colsample_bytree': 0.8813770949047242, 'scale_pos_weight': 0.5695081871917806}. Best is trial 2 with value: 1.0.
2024-11-26 13:02:49,413 - INFO - Trial 13 finished with value: 0.9848132713575893 and parameters: {'n_estimators': 52, 'max_depth': 8, 'learning_rate': 0.01737294704430643, 'subsample': 0.7305067080114438, 'colsample_bytree': 0.9127058275567415, 'scale_pos_weight': 0.9324761532880242}. Best is trial 2 with value: 1.0.
2024-11-26 13:02:49,514 - INFO - Trial 14 finished with value: 0.9946251129177958 and parameters: {'n_estimators': 233, 'max_depth': 20, 'learning_rate': 0.24097237111222286, 'subsample': 0.5203129302527382, 'colsample_bytree': 0.7773265304296263, 'scale_pos_weight': 0.6815892672624136}. Best is trial 2 with value: 1.0.
2024-11-26 13:02:49,643 - INFO - Trial 15 finished with value: 0.9946251129177958 and parameters: {'n_estimators': 264, 'max_depth': 8, 'learning_rate': 0.08918275990736572, 'subsample': 0.8408210616362031, 'colsample_bytree': 0.9381571942541655, 'scale_pos_weight': 1.0197381669135848}. Best is trial 2 with value: 1.0.
2024-11-26 13:02:49,741 - INFO - Trial 16 finished with value: 0.9946251129177958 and parameters: {'n_estimators': 214, 'max_depth': 14, 'learning_rate': 0.28877242204257125, 'subsample': 0.9116458978868502, 'colsample_bytree': 0.5283367205954986, 'scale_pos_weight': 1.1614284402976838}. Best is trial 2 with value: 1.0.
2024-11-26 13:02:49,878 - INFO - Trial 17 finished with value: 1.0 and parameters: {'n_estimators': 268, 'max_depth': 17, 'learning_rate': 0.05025585836732345, 'subsample': 0.7972715908548121, 'colsample_bytree': 0.7922754193456103, 'scale_pos_weight': 0.5119241114925525}. Best is trial 2 with value: 1.0.
2024-11-26 13:02:49,984 - INFO - Trial 18 finished with value: 0.9946251129177958 and parameters: {'n_estimators': 204, 'max_depth': 6, 'learning_rate': 0.1178758172413897, 'subsample': 0.6973928638711845, 'colsample_bytree': 0.937527437192726, 'scale_pos_weight': 1.3576854870163722}. Best is trial 2 with value: 1.0.
2024-11-26 13:02:50,103 - INFO - Trial 19 finished with value: 1.0 and parameters: {'n_estimators': 243, 'max_depth': 10, 'learning_rate': 0.12059325295770512, 'subsample': 0.999035405883826, 'colsample_bytree': 0.8449863409528993, 'scale_pos_weight': 0.739920063149517}. Best is trial 2 with value: 1.0.
2024-11-26 13:02:50,164 - INFO - Trial 20 finished with value: 1.0 and parameters: {'n_estimators': 58, 'max_depth': 16, 'learning_rate': 0.212232829160532, 'subsample': 0.8615510605429664, 'colsample_bytree': 0.751238523122732, 'scale_pos_weight': 0.9030900041710993}. Best is trial 2 with value: 1.0.
2024-11-26 13:02:50,254 - INFO - Trial 21 finished with value: 0.9946251129177958 and parameters: {'n_estimators': 107, 'max_depth': 15, 'learning_rate': 0.20701894315852468, 'subsample': 0.6529338138329057, 'colsample_bytree': 0.8804264564997171, 'scale_pos_weight': 1.3247105770743126}. Best is trial 2 with value: 1.0.
2024-11-26 13:02:50,346 - INFO - Trial 22 finished with value: 0.9946251129177958 and parameters: {'n_estimators': 92, 'max_depth': 18, 'learning_rate': 0.09545319543644182, 'subsample': 0.6511400273877757, 'colsample_bytree': 0.844071257695768, 'scale_pos_weight': 1.2103997845482553}. Best is trial 2 with value: 1.0.
2024-11-26 13:02:50,477 - INFO - Trial 23 finished with value: 1.0 and parameters: {'n_estimators': 136, 'max_depth': 14, 'learning_rate': 0.033637234566779375, 'subsample': 0.5166844460779713, 'colsample_bytree': 0.9566314389831984, 'scale_pos_weight': 1.495214344848916}. Best is trial 2 with value: 1.0.
2024-11-26 13:02:50,594 - INFO - Trial 24 finished with value: 1.0 and parameters: {'n_estimators': 200, 'max_depth': 19, 'learning_rate': 0.1435213991449326, 'subsample': 0.623379630016498, 'colsample_bytree': 0.8909813077472976, 'scale_pos_weight': 0.6736745808529515}. Best is trial 2 with value: 1.0.
2024-11-26 13:02:50,678 - INFO - Trial 25 finished with value: 1.0 and parameters: {'n_estimators': 86, 'max_depth': 15, 'learning_rate': 0.20625948388445364, 'subsample': 0.6960483505130927, 'colsample_bytree': 0.7247936798982575, 'scale_pos_weight': 1.0464800471864284}. Best is trial 2 with value: 1.0.
2024-11-26 13:02:50,823 - INFO - Trial 26 finished with value: 0.9946251129177958 and parameters: {'n_estimators': 278, 'max_depth': 12, 'learning_rate': 0.09338038602995255, 'subsample': 0.7869730647805269, 'colsample_bytree': 0.8242794752083081, 'scale_pos_weight': 0.9770917974203543}. Best is trial 2 with value: 1.0.
2024-11-26 13:02:50,939 - INFO - Trial 27 finished with value: 0.9946251129177958 and parameters: {'n_estimators': 225, 'max_depth': 10, 'learning_rate': 0.137118991130941, 'subsample': 0.7192303313541322, 'colsample_bytree': 0.7952927255950508, 'scale_pos_weight': 0.8551671094219193}. Best is trial 2 with value: 1.0.
2024-11-26 13:02:51,098 - INFO - Trial 28 finished with value: 1.0 and parameters: {'n_estimators': 189, 'max_depth': 19, 'learning_rate': 0.040752624512916724, 'subsample': 0.7585871103250568, 'colsample_bytree': 0.9099446989524479, 'scale_pos_weight': 1.1337810908855492}. Best is trial 2 with value: 1.0.
2024-11-26 13:02:51,198 - INFO - Trial 29 finished with value: 1.0 and parameters: {'n_estimators': 155, 'max_depth': 6, 'learning_rate': 0.2254019372674154, 'subsample': 0.5570112940129636, 'colsample_bytree': 0.9583950154210169, 'scale_pos_weight': 0.6502275731663231}. Best is trial 2 with value: 1.0.
2024-11-26 13:02:51,286 - INFO - Trial 30 finished with value: 1.0 and parameters: {'n_estimators': 127, 'max_depth': 13, 'learning_rate': 0.08390706509765516, 'subsample': 0.6401105161104981, 'colsample_bytree': 0.9956209355061522, 'scale_pos_weight': 0.808738879164243}. Best is trial 2 with value: 1.0.
2024-11-26 13:02:51,413 - INFO - Trial 31 finished with value: 1.0 and parameters: {'n_estimators': 298, 'max_depth': 11, 'learning_rate': 0.27983458644144404, 'subsample': 0.7961424573585419, 'colsample_bytree': 0.9788922551176691, 'scale_pos_weight': 1.0520119509292076}. Best is trial 2 with value: 1.0.
2024-11-26 13:02:51,551 - INFO - Trial 32 finished with value: 1.0 and parameters: {'n_estimators': 282, 'max_depth': 11, 'learning_rate': 0.2622139100493959, 'subsample': 0.592673957659594, 'colsample_bytree': 0.995291869514263, 'scale_pos_weight': 1.3366560586841645}. Best is trial 2 with value: 1.0.
2024-11-26 13:02:51,686 - INFO - Trial 33 finished with value: 0.9946251129177958 and parameters: {'n_estimators': 254, 'max_depth': 9, 'learning_rate': 0.19418734027332918, 'subsample': 0.756830613866399, 'colsample_bytree': 0.8513694098579945, 'scale_pos_weight': 1.4528013982180636}. Best is trial 2 with value: 1.0.
2024-11-26 13:02:51,811 - INFO - Trial 34 finished with value: 1.0 and parameters: {'n_estimators': 283, 'max_depth': 13, 'learning_rate': 0.18707356170205874, 'subsample': 0.6859665592430717, 'colsample_bytree': 0.9270119731145615, 'scale_pos_weight': 1.117936654170085}. Best is trial 2 with value: 1.0.
2024-11-26 13:02:51,936 - INFO - Trial 35 finished with value: 1.0 and parameters: {'n_estimators': 253, 'max_depth': 4, 'learning_rate': 0.2598939017631969, 'subsample': 0.9198348297232034, 'colsample_bytree': 0.9657341538571107, 'scale_pos_weight': 1.2594288016405346}. Best is trial 2 with value: 1.0.
2024-11-26 13:02:52,080 - INFO - Trial 36 finished with value: 0.9946251129177958 and parameters: {'n_estimators': 265, 'max_depth': 9, 'learning_rate': 0.15665868479205303, 'subsample': 0.8262269224474468, 'colsample_bytree': 0.8684264950875659, 'scale_pos_weight': 0.8753669147632743}. Best is trial 2 with value: 1.0.
2024-11-26 13:02:52,208 - INFO - Trial 37 finished with value: 0.9946251129177958 and parameters: {'n_estimators': 296, 'max_depth': 16, 'learning_rate': 0.2998031443369601, 'subsample': 0.5593207258395201, 'colsample_bytree': 0.8194438410492104, 'scale_pos_weight': 1.561956407319776}. Best is trial 2 with value: 1.0.
2024-11-26 13:02:52,304 - INFO - Trial 38 finished with value: 0.9946251129177958 and parameters: {'n_estimators': 156, 'max_depth': 12, 'learning_rate': 0.23631191602351287, 'subsample': 0.7164421390415026, 'colsample_bytree': 0.7198351124349381, 'scale_pos_weight': 0.7549792174529468}. Best is trial 2 with value: 1.0.
2024-11-26 13:02:52,438 - INFO - Trial 39 finished with value: 0.9946251129177958 and parameters: {'n_estimators': 188, 'max_depth': 14, 'learning_rate': 0.16009213450076, 'subsample': 0.6213211290285396, 'colsample_bytree': 0.910929532869339, 'scale_pos_weight': 1.8885353614134495}. Best is trial 2 with value: 1.0.
2024-11-26 13:02:52,514 - INFO - Trial 40 finished with value: 0.9946251129177958 and parameters: {'n_estimators': 77, 'max_depth': 18, 'learning_rate': 0.17652554304618953, 'subsample': 0.874178168503269, 'colsample_bytree': 0.6143208871608674, 'scale_pos_weight': 1.2551786140998717}. Best is trial 2 with value: 1.0.
2024-11-26 13:02:52,659 - INFO - Trial 41 finished with value: 1.0 and parameters: {'n_estimators': 288, 'max_depth': 20, 'learning_rate': 0.0746193417023526, 'subsample': 0.9458175444069249, 'colsample_bytree': 0.8897553682973844, 'scale_pos_weight': 0.5113398299514773}. Best is trial 2 with value: 1.0.
2024-11-26 13:02:52,818 - INFO - Trial 42 finished with value: 1.0 and parameters: {'n_estimators': 298, 'max_depth': 19, 'learning_rate': 0.06506879417081782, 'subsample': 0.8847610577299426, 'colsample_bytree': 0.9433937779908215, 'scale_pos_weight': 0.6090191958295363}. Best is trial 2 with value: 1.0.
2024-11-26 13:02:52,970 - INFO - Trial 43 finished with value: 1.0 and parameters: {'n_estimators': 276, 'max_depth': 20, 'learning_rate': 0.10824407648150546, 'subsample': 0.8976250127117862, 'colsample_bytree': 0.8625766371604436, 'scale_pos_weight': 0.5837411564049144}. Best is trial 2 with value: 1.0.
2024-11-26 13:02:53,132 - INFO - Trial 44 finished with value: 1.0 and parameters: {'n_estimators': 268, 'max_depth': 18, 'learning_rate': 0.03014753062604715, 'subsample': 0.9557901519523244, 'colsample_bytree': 0.9035859605396924, 'scale_pos_weight': 0.9552402726378604}. Best is trial 2 with value: 1.0.
2024-11-26 13:02:53,259 - INFO - Trial 45 finished with value: 1.0 and parameters: {'n_estimators': 243, 'max_depth': 9, 'learning_rate': 0.05523867398376618, 'subsample': 0.823480664800144, 'colsample_bytree': 0.7970152002576791, 'scale_pos_weight': 0.7243415645506692}. Best is trial 2 with value: 1.0.
2024-11-26 13:02:53,363 - INFO - Trial 46 finished with value: 1.0 and parameters: {'n_estimators': 175, 'max_depth': 11, 'learning_rate': 0.1361185063723944, 'subsample': 0.670021090656945, 'colsample_bytree': 0.9309368996560848, 'scale_pos_weight': 0.5704488619688223}. Best is trial 2 with value: 1.0.
2024-11-26 13:02:53,507 - INFO - Trial 47 finished with value: 0.9946251129177958 and parameters: {'n_estimators': 223, 'max_depth': 16, 'learning_rate': 0.10722067256595569, 'subsample': 0.920924042029311, 'colsample_bytree': 0.7587384928531383, 'scale_pos_weight': 1.067478887219146}. Best is trial 2 with value: 1.0.
2024-11-26 13:02:53,609 - INFO - Trial 48 finished with value: 0.9895833333333334 and parameters: {'n_estimators': 111, 'max_depth': 17, 'learning_rate': 0.017288295046653468, 'subsample': 0.8474853435250667, 'colsample_bytree': 0.9774193893243369, 'scale_pos_weight': 0.7950390770396379}. Best is trial 2 with value: 1.0.
2024-11-26 13:02:53,766 - INFO - Trial 49 finished with value: 0.9946251129177958 and parameters: {'n_estimators': 289, 'max_depth': 7, 'learning_rate': 0.04569909056795354, 'subsample': 0.7438681617204586, 'colsample_bytree': 0.6820525408507194, 'scale_pos_weight': 0.9127978167248343}. Best is trial 2 with value: 1.0.
2024-11-26 13:02:53,923 - INFO - Trial 50 finished with value: 0.9946251129177958 and parameters: {'n_estimators': 244, 'max_depth': 20, 'learning_rate': 0.07070940247942817, 'subsample': 0.9822886446234763, 'colsample_bytree': 0.8140460947799901, 'scale_pos_weight': 1.1973604496157295}. Best is trial 2 with value: 1.0.
2024-11-26 13:02:54,078 - INFO - Trial 51 finished with value: 1.0 and parameters: {'n_estimators': 270, 'max_depth': 18, 'learning_rate': 0.05181208648105529, 'subsample': 0.7783423096431, 'colsample_bytree': 0.7775858089768917, 'scale_pos_weight': 0.529649238911529}. Best is trial 2 with value: 1.0.
2024-11-26 13:02:54,223 - INFO - Trial 52 finished with value: 1.0 and parameters: {'n_estimators': 258, 'max_depth': 19, 'learning_rate': 0.030577986015387387, 'subsample': 0.8048425354987905, 'colsample_bytree': 0.833266656204725, 'scale_pos_weight': 0.5020763850821114}. Best is trial 2 with value: 1.0.
2024-11-26 13:02:54,413 - INFO - Trial 53 finished with value: 0.9949377571191965 and parameters: {'n_estimators': 289, 'max_depth': 17, 'learning_rate': 0.010008793747945915, 'subsample': 0.8594499007048734, 'colsample_bytree': 0.8711704023041353, 'scale_pos_weight': 0.6326238089664111}. Best is trial 2 with value: 1.0.
2024-11-26 13:02:54,553 - INFO - Trial 54 finished with value: 0.9946251129177958 and parameters: {'n_estimators': 300, 'max_depth': 15, 'learning_rate': 0.08085122816198118, 'subsample': 0.8168315527088401, 'colsample_bytree': 0.549332729376088, 'scale_pos_weight': 0.7333357965111098}. Best is trial 2 with value: 1.0.
2024-11-26 13:02:54,689 - INFO - Trial 55 finished with value: 0.9946251129177958 and parameters: {'n_estimators': 277, 'max_depth': 18, 'learning_rate': 0.1008553282279536, 'subsample': 0.7212992957291803, 'colsample_bytree': 0.7926445778362556, 'scale_pos_weight': 0.6962957158886374}. Best is trial 2 with value: 1.0.
2024-11-26 13:02:54,824 - INFO - Trial 56 finished with value: 0.9946251129177958 and parameters: {'n_estimators': 206, 'max_depth': 10, 'learning_rate': 0.12654379418490452, 'subsample': 0.7729988507435798, 'colsample_bytree': 0.7151707809809076, 'scale_pos_weight': 0.8291794257354492}. Best is trial 2 with value: 1.0.
2024-11-26 13:02:54,940 - INFO - Trial 57 finished with value: 1.0 and parameters: {'n_estimators': 165, 'max_depth': 17, 'learning_rate': 0.06077476295698076, 'subsample': 0.8924601363204998, 'colsample_bytree': 0.8869671859730578, 'scale_pos_weight': 0.5606061706874623}. Best is trial 2 with value: 1.0.
2024-11-26 13:02:55,092 - INFO - Trial 58 finished with value: 1.0 and parameters: {'n_estimators': 234, 'max_depth': 19, 'learning_rate': 0.02264510475993422, 'subsample': 0.671028978601563, 'colsample_bytree': 0.8404705874562614, 'scale_pos_weight': 0.9978537679609367}. Best is trial 2 with value: 1.0.
2024-11-26 13:02:55,194 - INFO - Trial 59 finished with value: 1.0 and parameters: {'n_estimators': 138, 'max_depth': 13, 'learning_rate': 0.044956374261026784, 'subsample': 0.6354763288453182, 'colsample_bytree': 0.9549094754328598, 'scale_pos_weight': 1.389010556418104}. Best is trial 2 with value: 1.0.
2024-11-26 13:02:55,315 - INFO - Trial 60 finished with value: 1.0 and parameters: {'n_estimators': 260, 'max_depth': 16, 'learning_rate': 0.14694931466857175, 'subsample': 0.8547426822744828, 'colsample_bytree': 0.9256719652705426, 'scale_pos_weight': 0.6563850215576612}. Best is trial 2 with value: 1.0.
2024-11-26 13:02:55,436 - INFO - Trial 61 finished with value: 1.0 and parameters: {'n_estimators': 247, 'max_depth': 10, 'learning_rate': 0.12526779795732026, 'subsample': 0.9649844192805604, 'colsample_bytree': 0.8451823496168472, 'scale_pos_weight': 0.7563276132696932}. Best is trial 2 with value: 1.0.
2024-11-26 13:02:55,568 - INFO - Trial 62 finished with value: 1.0 and parameters: {'n_estimators': 272, 'max_depth': 8, 'learning_rate': 0.11225163845257156, 'subsample': 0.9933221695845154, 'colsample_bytree': 0.812498921648165, 'scale_pos_weight': 0.6938175843590342}. Best is trial 2 with value: 1.0.
2024-11-26 13:02:55,680 - INFO - Trial 63 finished with value: 1.0 and parameters: {'n_estimators': 225, 'max_depth': 11, 'learning_rate': 0.08957234248348228, 'subsample': 0.9369919503335234, 'colsample_bytree': 0.7673641183068397, 'scale_pos_weight': 0.5547008306705505}. Best is trial 2 with value: 1.0.
2024-11-26 13:02:55,836 - INFO - Trial 64 finished with value: 1.0 and parameters: {'n_estimators': 289, 'max_depth': 12, 'learning_rate': 0.03527857443359721, 'subsample': 0.9986077312010609, 'colsample_bytree': 0.9998727453565104, 'scale_pos_weight': 0.6404021181867212}. Best is trial 2 with value: 1.0.
2024-11-26 13:02:55,957 - INFO - Trial 65 finished with value: 0.9946251129177958 and parameters: {'n_estimators': 282, 'max_depth': 10, 'learning_rate': 0.21846965208269994, 'subsample': 0.7031114441910246, 'colsample_bytree': 0.8584963474164601, 'scale_pos_weight': 1.0844917185542817}. Best is trial 2 with value: 1.0.
2024-11-26 13:02:56,065 - INFO - Trial 66 finished with value: 0.9946251129177958 and parameters: {'n_estimators': 214, 'max_depth': 9, 'learning_rate': 0.13437615119832502, 'subsample': 0.7343000251973076, 'colsample_bytree': 0.73956573046118, 'scale_pos_weight': 0.8557291319759875}. Best is trial 2 with value: 1.0.
2024-11-26 13:02:56,175 - INFO - Trial 67 finished with value: 0.9946251129177958 and parameters: {'n_estimators': 240, 'max_depth': 8, 'learning_rate': 0.24803027117592322, 'subsample': 0.603612394337067, 'colsample_bytree': 0.9012326988886075, 'scale_pos_weight': 0.6085540554665063}. Best is trial 2 with value: 1.0.
2024-11-26 13:02:56,293 - INFO - Trial 68 finished with value: 1.0 and parameters: {'n_estimators': 266, 'max_depth': 12, 'learning_rate': 0.1687942886467464, 'subsample': 0.9089839594191571, 'colsample_bytree': 0.8722457365670439, 'scale_pos_weight': 0.7614902558477122}. Best is trial 2 with value: 1.0.
2024-11-26 13:02:56,414 - INFO - Trial 69 finished with value: 0.9946251129177958 and parameters: {'n_estimators': 250, 'max_depth': 20, 'learning_rate': 0.19321357880701165, 'subsample': 0.760683490191465, 'colsample_bytree': 0.8059558178266615, 'scale_pos_weight': 1.1357120846382867}. Best is trial 2 with value: 1.0.
2024-11-26 13:02:56,552 - INFO - Trial 70 finished with value: 0.9946251129177958 and parameters: {'n_estimators': 261, 'max_depth': 15, 'learning_rate': 0.07851281130605238, 'subsample': 0.8374644268638597, 'colsample_bytree': 0.8321042301195041, 'scale_pos_weight': 1.1958294423700462}. Best is trial 2 with value: 1.0.
2024-11-26 13:02:56,621 - INFO - Trial 71 finished with value: 0.9946251129177958 and parameters: {'n_estimators': 76, 'max_depth': 14, 'learning_rate': 0.18063420232751037, 'subsample': 0.8792566806774406, 'colsample_bytree': 0.7416101472633159, 'scale_pos_weight': 0.9052171294003393}. Best is trial 2 with value: 1.0.
2024-11-26 13:02:56,689 - INFO - Trial 72 finished with value: 0.9946251129177958 and parameters: {'n_estimators': 66, 'max_depth': 16, 'learning_rate': 0.20346144510323433, 'subsample': 0.8678251008739497, 'colsample_bytree': 0.7749808387609428, 'scale_pos_weight': 0.9816508281272682}. Best is trial 2 with value: 1.0.
2024-11-26 13:02:56,770 - INFO - Trial 73 finished with value: 0.9946251129177958 and parameters: {'n_estimators': 110, 'max_depth': 19, 'learning_rate': 0.21836950257067414, 'subsample': 0.9288891852517233, 'colsample_bytree': 0.6966403850744374, 'scale_pos_weight': 1.2931799771916468}. Best is trial 2 with value: 1.0.
2024-11-26 13:02:56,834 - INFO - Trial 74 finished with value: 1.0 and parameters: {'n_estimators': 59, 'max_depth': 18, 'learning_rate': 0.24180083903886204, 'subsample': 0.8096955810249007, 'colsample_bytree': 0.9744471672113193, 'scale_pos_weight': 0.803428871970449}. Best is trial 2 with value: 1.0.
2024-11-26 13:02:56,917 - INFO - Trial 75 finished with value: 1.0 and parameters: {'n_estimators': 100, 'max_depth': 13, 'learning_rate': 0.28066438486345824, 'subsample': 0.7971554828978332, 'colsample_bytree': 0.751844755284378, 'scale_pos_weight': 1.0259780850750655}. Best is trial 2 with value: 1.0.
2024-11-26 13:02:57,000 - INFO - Trial 76 finished with value: 1.0 and parameters: {'n_estimators': 130, 'max_depth': 17, 'learning_rate': 0.2637368865342357, 'subsample': 0.9010541910797301, 'colsample_bytree': 0.9487345586057139, 'scale_pos_weight': 0.8837455780971917}. Best is trial 2 with value: 1.0.
2024-11-26 13:02:57,129 - INFO - Trial 77 finished with value: 1.0 and parameters: {'n_estimators': 295, 'max_depth': 11, 'learning_rate': 0.15950638983072202, 'subsample': 0.8271768775352133, 'colsample_bytree': 0.7897413760819851, 'scale_pos_weight': 0.9442670104349102}. Best is trial 2 with value: 1.0.
2024-11-26 13:02:57,241 - INFO - Trial 78 finished with value: 1.0 and parameters: {'n_estimators': 144, 'max_depth': 10, 'learning_rate': 0.02331613339292124, 'subsample': 0.7806143471636537, 'colsample_bytree': 0.8548928660003098, 'scale_pos_weight': 0.702708577000607}. Best is trial 2 with value: 1.0.
2024-11-26 13:02:57,364 - INFO - Trial 79 finished with value: 1.0 and parameters: {'n_estimators': 275, 'max_depth': 14, 'learning_rate': 0.10006550774890877, 'subsample': 0.6483190414132568, 'colsample_bytree': 0.9193062208105699, 'scale_pos_weight': 0.544295106980262}. Best is trial 2 with value: 1.0.
2024-11-26 13:02:57,443 - INFO - Trial 80 finished with value: 1.0 and parameters: {'n_estimators': 95, 'max_depth': 20, 'learning_rate': 0.15216717618525005, 'subsample': 0.9451257772393455, 'colsample_bytree': 0.9886532531963802, 'scale_pos_weight': 0.5908213113978502}. Best is trial 2 with value: 1.0.
2024-11-26 13:02:57,541 - INFO - Trial 81 finished with value: 1.0 and parameters: {'n_estimators': 122, 'max_depth': 15, 'learning_rate': 0.03788560051733312, 'subsample': 0.5136612216263714, 'colsample_bytree': 0.9682644472458275, 'scale_pos_weight': 1.660645672866091}. Best is trial 2 with value: 1.0.
2024-11-26 13:02:57,661 - INFO - Trial 82 finished with value: 1.0 and parameters: {'n_estimators': 195, 'max_depth': 16, 'learning_rate': 0.05112282099038138, 'subsample': 0.5596347130401166, 'colsample_bytree': 0.9853839750423716, 'scale_pos_weight': 1.5188331719634882}. Best is trial 2 with value: 1.0.
2024-11-26 13:02:57,823 - INFO - Trial 83 finished with value: 1.0 and parameters: {'n_estimators': 283, 'max_depth': 14, 'learning_rate': 0.0251270867872403, 'subsample': 0.5333771769577119, 'colsample_bytree': 0.897418949216638, 'scale_pos_weight': 1.7139756966578203}. Best is trial 2 with value: 1.0.
2024-11-26 13:02:57,936 - INFO - Trial 84 finished with value: 1.0 and parameters: {'n_estimators': 182, 'max_depth': 15, 'learning_rate': 0.07154077869730212, 'subsample': 0.5818773667715798, 'colsample_bytree': 0.939177148148378, 'scale_pos_weight': 1.4370927032302567}. Best is trial 2 with value: 1.0.
2024-11-26 13:02:58,028 - INFO - Trial 85 finished with value: 0.9946251129177958 and parameters: {'n_estimators': 166, 'max_depth': 11, 'learning_rate': 0.2277673856070196, 'subsample': 0.5279664497409569, 'colsample_bytree': 0.8798063645352573, 'scale_pos_weight': 1.5750430288459323}. Best is trial 2 with value: 1.0.
2024-11-26 13:02:58,126 - INFO - Trial 86 finished with value: 0.9946251129177958 and parameters: {'n_estimators': 119, 'max_depth': 17, 'learning_rate': 0.05759042905917778, 'subsample': 0.7664519607958487, 'colsample_bytree': 0.9540058495623512, 'scale_pos_weight': 1.8199956126959072}. Best is trial 2 with value: 1.0.
2024-11-26 13:02:58,287 - INFO - Trial 87 finished with value: 1.0 and parameters: {'n_estimators': 295, 'max_depth': 16, 'learning_rate': 0.0153218032663519, 'subsample': 0.5002369296861398, 'colsample_bytree': 0.8281577858663168, 'scale_pos_weight': 0.8322720115510738}. Best is trial 2 with value: 1.0.
2024-11-26 13:02:58,358 - INFO - Trial 88 finished with value: 0.9949377571191965 and parameters: {'n_estimators': 54, 'max_depth': 12, 'learning_rate': 0.046519835666418596, 'subsample': 0.8453647114051065, 'colsample_bytree': 0.9631231409677286, 'scale_pos_weight': 0.6701439731164791}. Best is trial 2 with value: 1.0.
2024-11-26 13:02:58,465 - INFO - Trial 89 finished with value: 1.0 and parameters: {'n_estimators': 148, 'max_depth': 19, 'learning_rate': 0.030197475391361056, 'subsample': 0.7932968410075899, 'colsample_bytree': 0.6520467823377685, 'scale_pos_weight': 1.9716898187302276}. Best is trial 2 with value: 1.0.
2024-11-26 13:02:58,560 - INFO - Trial 90 finished with value: 1.0 and parameters: {'n_estimators': 160, 'max_depth': 9, 'learning_rate': 0.1841378243892204, 'subsample': 0.6597352950281612, 'colsample_bytree': 0.9127784685272158, 'scale_pos_weight': 1.2302259934189257}. Best is trial 2 with value: 1.0.
2024-11-26 13:02:58,669 - INFO - Trial 91 finished with value: 0.9946251129177958 and parameters: {'n_estimators': 201, 'max_depth': 19, 'learning_rate': 0.1394252551982468, 'subsample': 0.6313632035493496, 'colsample_bytree': 0.8853501005223406, 'scale_pos_weight': 0.621225777397478}. Best is trial 2 with value: 1.0.
2024-11-26 13:02:58,781 - INFO - Trial 92 finished with value: 0.9946251129177958 and parameters: {'n_estimators': 213, 'max_depth': 18, 'learning_rate': 0.11600525460334948, 'subsample': 0.6165981314456095, 'colsample_bytree': 0.8465174159003734, 'scale_pos_weight': 0.5049879957737087}. Best is trial 2 with value: 1.0.
2024-11-26 13:02:58,885 - INFO - Trial 93 finished with value: 1.0 and parameters: {'n_estimators': 180, 'max_depth': 10, 'learning_rate': 0.12983978539574947, 'subsample': 0.686467684098618, 'colsample_bytree': 0.8667288804498344, 'scale_pos_weight': 0.7294121003500491}. Best is trial 2 with value: 1.0.
2024-11-26 13:02:58,993 - INFO - Trial 94 finished with value: 1.0 and parameters: {'n_estimators': 197, 'max_depth': 20, 'learning_rate': 0.14086099451420941, 'subsample': 0.711496864145065, 'colsample_bytree': 0.8938100328220918, 'scale_pos_weight': 0.7755518625526767}. Best is trial 2 with value: 1.0.
2024-11-26 13:02:59,109 - INFO - Trial 95 finished with value: 0.9946251129177958 and parameters: {'n_estimators': 222, 'max_depth': 17, 'learning_rate': 0.12051633278006804, 'subsample': 0.6033652417744229, 'colsample_bytree': 0.9268272068704111, 'scale_pos_weight': 1.171261592545169}. Best is trial 2 with value: 1.0.
2024-11-26 13:02:59,226 - INFO - Trial 96 finished with value: 0.9946251129177958 and parameters: {'n_estimators': 233, 'max_depth': 19, 'learning_rate': 0.14865934449048993, 'subsample': 0.5732552365331351, 'colsample_bytree': 0.8797329619036502, 'scale_pos_weight': 1.0988522675427015}. Best is trial 2 with value: 1.0.
2024-11-26 13:02:59,330 - INFO - Trial 97 finished with value: 1.0 and parameters: {'n_estimators': 209, 'max_depth': 13, 'learning_rate': 0.25214437520659433, 'subsample': 0.6601924612240244, 'colsample_bytree': 0.9902412940239546, 'scale_pos_weight': 0.6744453118514193}. Best is trial 2 with value: 1.0.
2024-11-26 13:02:59,466 - INFO - Trial 98 finished with value: 0.9946251129177958 and parameters: {'n_estimators': 291, 'max_depth': 3, 'learning_rate': 0.0651806109041013, 'subsample': 0.7457322454719877, 'colsample_bytree': 0.8039774217320715, 'scale_pos_weight': 0.5836838479118712}. Best is trial 2 with value: 1.0.
2024-11-26 13:02:59,551 - INFO - Trial 99 finished with value: 0.9946251129177958 and parameters: {'n_estimators': 85, 'max_depth': 18, 'learning_rate': 0.16270627770023144, 'subsample': 0.8660629644021188, 'colsample_bytree': 0.8383502473152514, 'scale_pos_weight': 1.3674949206247176}. Best is trial 2 with value: 1.0.
