2024-11-26 12:58:40,671 - ParkinsonsAnalysis - INFO - Starting summarize_data
2024-11-26 12:58:40,716 - ParkinsonsAnalysis - INFO - Completed summarize_data
2024-11-26 12:58:40,716 - ParkinsonsAnalysis - INFO - Starting check_missing_values
2024-11-26 12:58:40,717 - ParkinsonsAnalysis - INFO - Completed check_missing_values
2024-11-26 12:58:40,717 - ParkinsonsAnalysis - INFO - DataPreprocessing initialized successfully
2024-11-26 12:58:40,717 - ParkinsonsAnalysis - INFO - Starting drop_columns
2024-11-26 12:58:40,717 - ParkinsonsAnalysis - INFO - Completed drop_columns
2024-11-26 12:58:40,719 - ParkinsonsAnalysis - INFO - Starting standardize_features
2024-11-26 12:58:40,722 - ParkinsonsAnalysis - INFO - Completed standardize_features
2024-11-26 12:58:40,722 - ParkinsonsAnalysis - INFO - Starting handle_outliers
2024-11-26 12:58:40,742 - ParkinsonsAnalysis - INFO - Completed handle_outliers
2024-11-26 12:58:40,742 - ParkinsonsAnalysis - INFO - Starting get_data
2024-11-26 12:58:40,743 - ParkinsonsAnalysis - INFO - Completed get_data
2024-11-26 13:02:17,087 - ParkinsonsAnalysis - INFO - Starting summarize_data
2024-11-26 13:02:17,139 - ParkinsonsAnalysis - INFO - Completed summarize_data
2024-11-26 13:02:17,139 - ParkinsonsAnalysis - INFO - Starting check_missing_values
2024-11-26 13:02:17,140 - ParkinsonsAnalysis - INFO - Completed check_missing_values
2024-11-26 13:02:17,140 - ParkinsonsAnalysis - INFO - DataPreprocessing initialized successfully
2024-11-26 13:02:17,140 - ParkinsonsAnalysis - INFO - Starting drop_columns
2024-11-26 13:02:17,141 - ParkinsonsAnalysis - INFO - Completed drop_columns
2024-11-26 13:02:17,141 - ParkinsonsAnalysis - INFO - Starting standardize_features
2024-11-26 13:02:17,145 - ParkinsonsAnalysis - INFO - Completed standardize_features
2024-11-26 13:02:17,145 - ParkinsonsAnalysis - INFO - Starting handle_outliers
2024-11-26 13:02:17,171 - ParkinsonsAnalysis - INFO - Completed handle_outliers
2024-11-26 13:02:17,172 - ParkinsonsAnalysis - INFO - Starting get_data
2024-11-26 13:02:17,172 - ParkinsonsAnalysis - INFO - Completed get_data
2024-11-26 13:02:17,196 - ParkinsonsAnalysis - INFO - Able to initialize Model Training
2024-11-26 13:02:17,197 - ParkinsonsAnalysis - INFO - Starting train_models
2024-11-26 13:02:17,198 - ParkinsonsAnalysis - INFO - Starting optimize_hyperparameters
2024-11-26 13:02:17,198 - ParkinsonsAnalysis - INFO - Starting split_data
2024-11-26 13:02:17,202 - ParkinsonsAnalysis - INFO - Training set size: 764 (63.93%)
2024-11-26 13:02:17,202 - ParkinsonsAnalysis - INFO - Validation set size: 192 (16.07%)
2024-11-26 13:02:17,202 - ParkinsonsAnalysis - INFO - Test set size: 239 (20.00%)
2024-11-26 13:02:17,203 - ParkinsonsAnalysis - INFO - Class Distribution:
2024-11-26 13:02:17,204 - ParkinsonsAnalysis - INFO - Training set:
status
1    0.960733
0    0.039267
Name: proportion, dtype: float64
2024-11-26 13:02:17,205 - ParkinsonsAnalysis - INFO - Validation set:
status
1    0.958333
0    0.041667
Name: proportion, dtype: float64
2024-11-26 13:02:17,206 - ParkinsonsAnalysis - INFO - Test set:
status
1    0.958159
0    0.041841
Name: proportion, dtype: float64
2024-11-26 13:02:17,206 - ParkinsonsAnalysis - INFO - Completed split_data
2024-11-26 13:02:17,207 - ParkinsonsAnalysis - INFO - Starting _objective
2024-11-26 13:02:17,705 - ParkinsonsAnalysis - INFO - Completed _objective
2024-11-26 13:02:17,705 - ParkinsonsAnalysis - INFO - Starting _objective
2024-11-26 13:02:17,921 - ParkinsonsAnalysis - INFO - Completed _objective
2024-11-26 13:02:17,931 - ParkinsonsAnalysis - INFO - Starting _objective
2024-11-26 13:02:18,364 - ParkinsonsAnalysis - INFO - Completed _objective
2024-11-26 13:02:18,365 - ParkinsonsAnalysis - INFO - Starting _objective
2024-11-26 13:02:18,566 - ParkinsonsAnalysis - INFO - Completed _objective
2024-11-26 13:02:18,567 - ParkinsonsAnalysis - INFO - Starting _objective
2024-11-26 13:02:18,910 - ParkinsonsAnalysis - INFO - Completed _objective
2024-11-26 13:02:18,911 - ParkinsonsAnalysis - INFO - Starting _objective
2024-11-26 13:02:19,126 - ParkinsonsAnalysis - INFO - Completed _objective
2024-11-26 13:02:19,127 - ParkinsonsAnalysis - INFO - Starting _objective
2024-11-26 13:02:19,240 - ParkinsonsAnalysis - INFO - Completed _objective
2024-11-26 13:02:19,241 - ParkinsonsAnalysis - INFO - Starting _objective
2024-11-26 13:02:19,458 - ParkinsonsAnalysis - INFO - Completed _objective
2024-11-26 13:02:19,459 - ParkinsonsAnalysis - INFO - Starting _objective
2024-11-26 13:02:19,639 - ParkinsonsAnalysis - INFO - Completed _objective
2024-11-26 13:02:19,640 - ParkinsonsAnalysis - INFO - Starting _objective
2024-11-26 13:02:19,877 - ParkinsonsAnalysis - INFO - Completed _objective
2024-11-26 13:02:19,878 - ParkinsonsAnalysis - INFO - Starting _objective
2024-11-26 13:02:20,230 - ParkinsonsAnalysis - INFO - Completed _objective
2024-11-26 13:02:20,231 - ParkinsonsAnalysis - INFO - Starting _objective
2024-11-26 13:02:20,366 - ParkinsonsAnalysis - INFO - Completed _objective
2024-11-26 13:02:20,367 - ParkinsonsAnalysis - INFO - Starting _objective
2024-11-26 13:02:20,666 - ParkinsonsAnalysis - INFO - Completed _objective
2024-11-26 13:02:20,667 - ParkinsonsAnalysis - INFO - Starting _objective
2024-11-26 13:02:20,850 - ParkinsonsAnalysis - INFO - Completed _objective
2024-11-26 13:02:20,851 - ParkinsonsAnalysis - INFO - Starting _objective
2024-11-26 13:02:21,382 - ParkinsonsAnalysis - INFO - Completed _objective
2024-11-26 13:02:21,383 - ParkinsonsAnalysis - INFO - Starting _objective
2024-11-26 13:02:21,689 - ParkinsonsAnalysis - INFO - Completed _objective
2024-11-26 13:02:21,690 - ParkinsonsAnalysis - INFO - Starting _objective
2024-11-26 13:02:22,088 - ParkinsonsAnalysis - INFO - Completed _objective
2024-11-26 13:02:22,089 - ParkinsonsAnalysis - INFO - Starting _objective
2024-11-26 13:02:22,285 - ParkinsonsAnalysis - INFO - Completed _objective
2024-11-26 13:02:22,287 - ParkinsonsAnalysis - INFO - Starting _objective
2024-11-26 13:02:22,541 - ParkinsonsAnalysis - INFO - Completed _objective
2024-11-26 13:02:22,542 - ParkinsonsAnalysis - INFO - Starting _objective
2024-11-26 13:02:22,730 - ParkinsonsAnalysis - INFO - Completed _objective
2024-11-26 13:02:22,730 - ParkinsonsAnalysis - INFO - Starting _objective
2024-11-26 13:02:22,955 - ParkinsonsAnalysis - INFO - Completed _objective
2024-11-26 13:02:22,956 - ParkinsonsAnalysis - INFO - Starting _objective
2024-11-26 13:02:23,363 - ParkinsonsAnalysis - INFO - Completed _objective
2024-11-26 13:02:23,364 - ParkinsonsAnalysis - INFO - Starting _objective
2024-11-26 13:02:23,961 - ParkinsonsAnalysis - INFO - Completed _objective
2024-11-26 13:02:23,962 - ParkinsonsAnalysis - INFO - Starting _objective
2024-11-26 13:02:24,399 - ParkinsonsAnalysis - INFO - Completed _objective
2024-11-26 13:02:24,400 - ParkinsonsAnalysis - INFO - Starting _objective
2024-11-26 13:02:24,991 - ParkinsonsAnalysis - INFO - Completed _objective
2024-11-26 13:02:24,992 - ParkinsonsAnalysis - INFO - Starting _objective
2024-11-26 13:02:25,369 - ParkinsonsAnalysis - INFO - Completed _objective
2024-11-26 13:02:25,370 - ParkinsonsAnalysis - INFO - Starting _objective
2024-11-26 13:02:26,112 - ParkinsonsAnalysis - INFO - Completed _objective
2024-11-26 13:02:26,113 - ParkinsonsAnalysis - INFO - Starting _objective
2024-11-26 13:02:26,548 - ParkinsonsAnalysis - INFO - Completed _objective
2024-11-26 13:02:26,549 - ParkinsonsAnalysis - INFO - Starting _objective
2024-11-26 13:02:26,906 - ParkinsonsAnalysis - INFO - Completed _objective
2024-11-26 13:02:26,907 - ParkinsonsAnalysis - INFO - Starting _objective
2024-11-26 13:02:27,177 - ParkinsonsAnalysis - INFO - Completed _objective
2024-11-26 13:02:27,178 - ParkinsonsAnalysis - INFO - Starting _objective
2024-11-26 13:02:27,826 - ParkinsonsAnalysis - INFO - Completed _objective
2024-11-26 13:02:27,827 - ParkinsonsAnalysis - INFO - Starting _objective
2024-11-26 13:02:27,986 - ParkinsonsAnalysis - INFO - Completed _objective
2024-11-26 13:02:27,987 - ParkinsonsAnalysis - INFO - Starting _objective
2024-11-26 13:02:28,190 - ParkinsonsAnalysis - INFO - Completed _objective
2024-11-26 13:02:28,191 - ParkinsonsAnalysis - INFO - Starting _objective
2024-11-26 13:02:28,413 - ParkinsonsAnalysis - INFO - Completed _objective
2024-11-26 13:02:28,414 - ParkinsonsAnalysis - INFO - Starting _objective
2024-11-26 13:02:28,647 - ParkinsonsAnalysis - INFO - Completed _objective
2024-11-26 13:02:28,648 - ParkinsonsAnalysis - INFO - Starting _objective
2024-11-26 13:02:29,017 - ParkinsonsAnalysis - INFO - Completed _objective
2024-11-26 13:02:29,018 - ParkinsonsAnalysis - INFO - Starting _objective
2024-11-26 13:02:29,221 - ParkinsonsAnalysis - INFO - Completed _objective
2024-11-26 13:02:29,223 - ParkinsonsAnalysis - INFO - Starting _objective
2024-11-26 13:02:29,351 - ParkinsonsAnalysis - INFO - Completed _objective
2024-11-26 13:02:29,351 - ParkinsonsAnalysis - INFO - Starting _objective
2024-11-26 13:02:29,539 - ParkinsonsAnalysis - INFO - Completed _objective
2024-11-26 13:02:29,540 - ParkinsonsAnalysis - INFO - Starting _objective
2024-11-26 13:02:29,839 - ParkinsonsAnalysis - INFO - Completed _objective
2024-11-26 13:02:29,841 - ParkinsonsAnalysis - INFO - Starting _objective
2024-11-26 13:02:29,986 - ParkinsonsAnalysis - INFO - Completed _objective
2024-11-26 13:02:29,988 - ParkinsonsAnalysis - INFO - Starting _objective
2024-11-26 13:02:30,147 - ParkinsonsAnalysis - INFO - Completed _objective
2024-11-26 13:02:30,148 - ParkinsonsAnalysis - INFO - Starting _objective
2024-11-26 13:02:30,256 - ParkinsonsAnalysis - INFO - Completed _objective
2024-11-26 13:02:30,257 - ParkinsonsAnalysis - INFO - Starting _objective
2024-11-26 13:02:30,431 - ParkinsonsAnalysis - INFO - Completed _objective
2024-11-26 13:02:30,433 - ParkinsonsAnalysis - INFO - Starting _objective
2024-11-26 13:02:30,642 - ParkinsonsAnalysis - INFO - Completed _objective
2024-11-26 13:02:30,643 - ParkinsonsAnalysis - INFO - Starting _objective
2024-11-26 13:02:30,797 - ParkinsonsAnalysis - INFO - Completed _objective
2024-11-26 13:02:30,798 - ParkinsonsAnalysis - INFO - Starting _objective
2024-11-26 13:02:31,022 - ParkinsonsAnalysis - INFO - Completed _objective
2024-11-26 13:02:31,023 - ParkinsonsAnalysis - INFO - Starting _objective
2024-11-26 13:02:31,148 - ParkinsonsAnalysis - INFO - Completed _objective
2024-11-26 13:02:31,149 - ParkinsonsAnalysis - INFO - Starting _objective
2024-11-26 13:02:31,334 - ParkinsonsAnalysis - INFO - Completed _objective
2024-11-26 13:02:31,335 - ParkinsonsAnalysis - INFO - Starting _objective
2024-11-26 13:02:31,611 - ParkinsonsAnalysis - INFO - Completed _objective
2024-11-26 13:02:31,612 - ParkinsonsAnalysis - INFO - Starting _objective
2024-11-26 13:02:31,897 - ParkinsonsAnalysis - INFO - Completed _objective
2024-11-26 13:02:31,898 - ParkinsonsAnalysis - INFO - Starting _objective
2024-11-26 13:02:32,103 - ParkinsonsAnalysis - INFO - Completed _objective
2024-11-26 13:02:32,104 - ParkinsonsAnalysis - INFO - Starting _objective
2024-11-26 13:02:32,338 - ParkinsonsAnalysis - INFO - Completed _objective
2024-11-26 13:02:32,339 - ParkinsonsAnalysis - INFO - Starting _objective
2024-11-26 13:02:32,505 - ParkinsonsAnalysis - INFO - Completed _objective
2024-11-26 13:02:32,505 - ParkinsonsAnalysis - INFO - Starting _objective
2024-11-26 13:02:32,646 - ParkinsonsAnalysis - INFO - Completed _objective
2024-11-26 13:02:32,647 - ParkinsonsAnalysis - INFO - Starting _objective
2024-11-26 13:02:32,791 - ParkinsonsAnalysis - INFO - Completed _objective
2024-11-26 13:02:32,793 - ParkinsonsAnalysis - INFO - Starting _objective
2024-11-26 13:02:33,072 - ParkinsonsAnalysis - INFO - Completed _objective
2024-11-26 13:02:33,074 - ParkinsonsAnalysis - INFO - Starting _objective
2024-11-26 13:02:33,344 - ParkinsonsAnalysis - INFO - Completed _objective
2024-11-26 13:02:33,345 - ParkinsonsAnalysis - INFO - Starting _objective
2024-11-26 13:02:33,588 - ParkinsonsAnalysis - INFO - Completed _objective
2024-11-26 13:02:33,590 - ParkinsonsAnalysis - INFO - Starting _objective
2024-11-26 13:02:33,783 - ParkinsonsAnalysis - INFO - Completed _objective
2024-11-26 13:02:33,783 - ParkinsonsAnalysis - INFO - Starting _objective
2024-11-26 13:02:33,909 - ParkinsonsAnalysis - INFO - Completed _objective
2024-11-26 13:02:33,911 - ParkinsonsAnalysis - INFO - Starting _objective
2024-11-26 13:02:34,036 - ParkinsonsAnalysis - INFO - Completed _objective
2024-11-26 13:02:34,037 - ParkinsonsAnalysis - INFO - Starting _objective
2024-11-26 13:02:34,177 - ParkinsonsAnalysis - INFO - Completed _objective
2024-11-26 13:02:34,178 - ParkinsonsAnalysis - INFO - Starting _objective
2024-11-26 13:02:34,330 - ParkinsonsAnalysis - INFO - Completed _objective
2024-11-26 13:02:34,332 - ParkinsonsAnalysis - INFO - Starting _objective
2024-11-26 13:02:34,503 - ParkinsonsAnalysis - INFO - Completed _objective
2024-11-26 13:02:34,504 - ParkinsonsAnalysis - INFO - Starting _objective
2024-11-26 13:02:34,623 - ParkinsonsAnalysis - INFO - Completed _objective
2024-11-26 13:02:34,625 - ParkinsonsAnalysis - INFO - Starting _objective
2024-11-26 13:02:34,843 - ParkinsonsAnalysis - INFO - Completed _objective
2024-11-26 13:02:34,844 - ParkinsonsAnalysis - INFO - Starting _objective
2024-11-26 13:02:35,043 - ParkinsonsAnalysis - INFO - Completed _objective
2024-11-26 13:02:35,044 - ParkinsonsAnalysis - INFO - Starting _objective
2024-11-26 13:02:35,232 - ParkinsonsAnalysis - INFO - Completed _objective
2024-11-26 13:02:35,233 - ParkinsonsAnalysis - INFO - Starting _objective
2024-11-26 13:02:35,566 - ParkinsonsAnalysis - INFO - Completed _objective
2024-11-26 13:02:35,567 - ParkinsonsAnalysis - INFO - Starting _objective
2024-11-26 13:02:35,732 - ParkinsonsAnalysis - INFO - Completed _objective
2024-11-26 13:02:35,733 - ParkinsonsAnalysis - INFO - Starting _objective
2024-11-26 13:02:36,028 - ParkinsonsAnalysis - INFO - Completed _objective
2024-11-26 13:02:36,028 - ParkinsonsAnalysis - INFO - Starting _objective
2024-11-26 13:02:36,295 - ParkinsonsAnalysis - INFO - Completed _objective
2024-11-26 13:02:36,295 - ParkinsonsAnalysis - INFO - Starting _objective
2024-11-26 13:02:36,550 - ParkinsonsAnalysis - INFO - Completed _objective
2024-11-26 13:02:36,551 - ParkinsonsAnalysis - INFO - Starting _objective
2024-11-26 13:02:36,882 - ParkinsonsAnalysis - INFO - Completed _objective
2024-11-26 13:02:36,883 - ParkinsonsAnalysis - INFO - Starting _objective
2024-11-26 13:02:37,135 - ParkinsonsAnalysis - INFO - Completed _objective
2024-11-26 13:02:37,136 - ParkinsonsAnalysis - INFO - Starting _objective
2024-11-26 13:02:37,364 - ParkinsonsAnalysis - INFO - Completed _objective
2024-11-26 13:02:37,365 - ParkinsonsAnalysis - INFO - Starting _objective
2024-11-26 13:02:37,582 - ParkinsonsAnalysis - INFO - Completed _objective
2024-11-26 13:02:37,583 - ParkinsonsAnalysis - INFO - Starting _objective
2024-11-26 13:02:37,836 - ParkinsonsAnalysis - INFO - Completed _objective
2024-11-26 13:02:37,837 - ParkinsonsAnalysis - INFO - Starting _objective
2024-11-26 13:02:37,990 - ParkinsonsAnalysis - INFO - Completed _objective
2024-11-26 13:02:37,990 - ParkinsonsAnalysis - INFO - Starting _objective
2024-11-26 13:02:38,168 - ParkinsonsAnalysis - INFO - Completed _objective
2024-11-26 13:02:38,168 - ParkinsonsAnalysis - INFO - Starting _objective
2024-11-26 13:02:38,367 - ParkinsonsAnalysis - INFO - Completed _objective
2024-11-26 13:02:38,369 - ParkinsonsAnalysis - INFO - Starting _objective
2024-11-26 13:02:38,548 - ParkinsonsAnalysis - INFO - Completed _objective
2024-11-26 13:02:38,549 - ParkinsonsAnalysis - INFO - Starting _objective
2024-11-26 13:02:38,666 - ParkinsonsAnalysis - INFO - Completed _objective
2024-11-26 13:02:38,667 - ParkinsonsAnalysis - INFO - Starting _objective
2024-11-26 13:02:38,987 - ParkinsonsAnalysis - INFO - Completed _objective
2024-11-26 13:02:38,989 - ParkinsonsAnalysis - INFO - Starting _objective
2024-11-26 13:02:39,130 - ParkinsonsAnalysis - INFO - Completed _objective
2024-11-26 13:02:39,132 - ParkinsonsAnalysis - INFO - Starting _objective
2024-11-26 13:02:39,495 - ParkinsonsAnalysis - INFO - Completed _objective
2024-11-26 13:02:39,496 - ParkinsonsAnalysis - INFO - Starting _objective
2024-11-26 13:02:39,657 - ParkinsonsAnalysis - INFO - Completed _objective
2024-11-26 13:02:39,658 - ParkinsonsAnalysis - INFO - Starting _objective
2024-11-26 13:02:39,844 - ParkinsonsAnalysis - INFO - Completed _objective
2024-11-26 13:02:39,845 - ParkinsonsAnalysis - INFO - Starting _objective
2024-11-26 13:02:40,130 - ParkinsonsAnalysis - INFO - Completed _objective
2024-11-26 13:02:40,132 - ParkinsonsAnalysis - INFO - Starting _objective
2024-11-26 13:02:40,361 - ParkinsonsAnalysis - INFO - Completed _objective
2024-11-26 13:02:40,363 - ParkinsonsAnalysis - INFO - Starting _objective
2024-11-26 13:02:40,752 - ParkinsonsAnalysis - INFO - Completed _objective
2024-11-26 13:02:40,753 - ParkinsonsAnalysis - INFO - Starting _objective
2024-11-26 13:02:41,239 - ParkinsonsAnalysis - INFO - Completed _objective
2024-11-26 13:02:41,241 - ParkinsonsAnalysis - INFO - Starting _objective
2024-11-26 13:02:41,724 - ParkinsonsAnalysis - INFO - Completed _objective
2024-11-26 13:02:41,725 - ParkinsonsAnalysis - INFO - Starting _objective
2024-11-26 13:02:41,934 - ParkinsonsAnalysis - INFO - Completed _objective
2024-11-26 13:02:41,936 - ParkinsonsAnalysis - INFO - Starting _objective
2024-11-26 13:02:42,372 - ParkinsonsAnalysis - INFO - Completed _objective
2024-11-26 13:02:42,373 - ParkinsonsAnalysis - INFO - Starting _objective
2024-11-26 13:02:42,629 - ParkinsonsAnalysis - INFO - Completed _objective
2024-11-26 13:02:42,630 - ParkinsonsAnalysis - INFO - Starting _objective
2024-11-26 13:02:43,042 - ParkinsonsAnalysis - INFO - Completed _objective
2024-11-26 13:02:43,044 - ParkinsonsAnalysis - INFO - Starting _objective
2024-11-26 13:02:43,448 - ParkinsonsAnalysis - INFO - Completed _objective
2024-11-26 13:02:43,449 - ParkinsonsAnalysis - INFO - Starting _objective
2024-11-26 13:02:43,589 - ParkinsonsAnalysis - INFO - Completed _objective
2024-11-26 13:02:43,590 - ParkinsonsAnalysis - INFO - Best randomforest trial:
2024-11-26 13:02:43,591 - ParkinsonsAnalysis - INFO -   Value: 1.0
2024-11-26 13:02:43,591 - ParkinsonsAnalysis - INFO -   Params: 
2024-11-26 13:02:43,591 - ParkinsonsAnalysis - INFO -     n_estimators: 110
2024-11-26 13:02:43,591 - ParkinsonsAnalysis - INFO -     max_depth: 20
2024-11-26 13:02:43,592 - ParkinsonsAnalysis - INFO -     min_samples_split: 6
2024-11-26 13:02:43,592 - ParkinsonsAnalysis - INFO -     min_samples_leaf: 3
2024-11-26 13:02:43,592 - ParkinsonsAnalysis - INFO -     class_weight: None
2024-11-26 13:02:43,786 - ParkinsonsAnalysis - INFO - Initialized Model Evaluation for randomforest
2024-11-26 13:02:43,787 - ParkinsonsAnalysis - INFO - Starting evaluate
2024-11-26 13:02:44,124 - ParkinsonsAnalysis - INFO - Completed evaluate
2024-11-26 13:02:44,155 - ParkinsonsAnalysis - INFO - Starting _objective
2024-11-26 13:02:44,177 - ParkinsonsAnalysis - INFO - Completed _objective
2024-11-26 13:02:44,179 - ParkinsonsAnalysis - INFO - Starting _objective
2024-11-26 13:02:44,200 - ParkinsonsAnalysis - INFO - Completed _objective
2024-11-26 13:02:44,201 - ParkinsonsAnalysis - INFO - Starting _objective
2024-11-26 13:02:44,224 - ParkinsonsAnalysis - INFO - Completed _objective
2024-11-26 13:02:44,225 - ParkinsonsAnalysis - INFO - Starting _objective
2024-11-26 13:02:44,247 - ParkinsonsAnalysis - INFO - Completed _objective
2024-11-26 13:02:44,248 - ParkinsonsAnalysis - INFO - Starting _objective
2024-11-26 13:02:44,270 - ParkinsonsAnalysis - INFO - Completed _objective
2024-11-26 13:02:44,271 - ParkinsonsAnalysis - INFO - Starting _objective
2024-11-26 13:02:44,293 - ParkinsonsAnalysis - INFO - Completed _objective
2024-11-26 13:02:44,295 - ParkinsonsAnalysis - INFO - Starting _objective
2024-11-26 13:02:44,316 - ParkinsonsAnalysis - INFO - Completed _objective
2024-11-26 13:02:44,317 - ParkinsonsAnalysis - INFO - Starting _objective
2024-11-26 13:02:44,337 - ParkinsonsAnalysis - INFO - Completed _objective
2024-11-26 13:02:44,338 - ParkinsonsAnalysis - INFO - Starting _objective
2024-11-26 13:02:44,360 - ParkinsonsAnalysis - INFO - Completed _objective
2024-11-26 13:02:44,361 - ParkinsonsAnalysis - INFO - Starting _objective
2024-11-26 13:02:44,385 - ParkinsonsAnalysis - INFO - Completed _objective
2024-11-26 13:02:44,386 - ParkinsonsAnalysis - INFO - Starting _objective
2024-11-26 13:02:44,420 - ParkinsonsAnalysis - INFO - Completed _objective
2024-11-26 13:02:44,421 - ParkinsonsAnalysis - INFO - Starting _objective
2024-11-26 13:02:44,455 - ParkinsonsAnalysis - INFO - Completed _objective
2024-11-26 13:02:44,456 - ParkinsonsAnalysis - INFO - Starting _objective
2024-11-26 13:02:44,491 - ParkinsonsAnalysis - INFO - Completed _objective
2024-11-26 13:02:44,492 - ParkinsonsAnalysis - INFO - Starting _objective
2024-11-26 13:02:44,528 - ParkinsonsAnalysis - INFO - Completed _objective
2024-11-26 13:02:44,529 - ParkinsonsAnalysis - INFO - Starting _objective
2024-11-26 13:02:44,562 - ParkinsonsAnalysis - INFO - Completed _objective
2024-11-26 13:02:44,564 - ParkinsonsAnalysis - INFO - Starting _objective
2024-11-26 13:02:44,600 - ParkinsonsAnalysis - INFO - Completed _objective
2024-11-26 13:02:44,600 - ParkinsonsAnalysis - INFO - Starting _objective
2024-11-26 13:02:44,633 - ParkinsonsAnalysis - INFO - Completed _objective
2024-11-26 13:02:44,635 - ParkinsonsAnalysis - INFO - Starting _objective
2024-11-26 13:02:44,668 - ParkinsonsAnalysis - INFO - Completed _objective
2024-11-26 13:02:44,669 - ParkinsonsAnalysis - INFO - Starting _objective
2024-11-26 13:02:44,713 - ParkinsonsAnalysis - INFO - Completed _objective
2024-11-26 13:02:44,714 - ParkinsonsAnalysis - INFO - Starting _objective
2024-11-26 13:02:44,751 - ParkinsonsAnalysis - INFO - Completed _objective
2024-11-26 13:02:44,753 - ParkinsonsAnalysis - INFO - Starting _objective
2024-11-26 13:02:44,784 - ParkinsonsAnalysis - INFO - Completed _objective
2024-11-26 13:02:44,785 - ParkinsonsAnalysis - INFO - Starting _objective
2024-11-26 13:02:44,819 - ParkinsonsAnalysis - INFO - Completed _objective
2024-11-26 13:02:44,820 - ParkinsonsAnalysis - INFO - Starting _objective
2024-11-26 13:02:44,857 - ParkinsonsAnalysis - INFO - Completed _objective
2024-11-26 13:02:44,858 - ParkinsonsAnalysis - INFO - Starting _objective
2024-11-26 13:02:44,893 - ParkinsonsAnalysis - INFO - Completed _objective
2024-11-26 13:02:44,895 - ParkinsonsAnalysis - INFO - Starting _objective
2024-11-26 13:02:44,929 - ParkinsonsAnalysis - INFO - Completed _objective
2024-11-26 13:02:44,930 - ParkinsonsAnalysis - INFO - Starting _objective
2024-11-26 13:02:44,964 - ParkinsonsAnalysis - INFO - Completed _objective
2024-11-26 13:02:44,965 - ParkinsonsAnalysis - INFO - Starting _objective
2024-11-26 13:02:44,997 - ParkinsonsAnalysis - INFO - Completed _objective
2024-11-26 13:02:44,998 - ParkinsonsAnalysis - INFO - Starting _objective
2024-11-26 13:02:45,032 - ParkinsonsAnalysis - INFO - Completed _objective
2024-11-26 13:02:45,033 - ParkinsonsAnalysis - INFO - Starting _objective
2024-11-26 13:02:45,068 - ParkinsonsAnalysis - INFO - Completed _objective
2024-11-26 13:02:45,069 - ParkinsonsAnalysis - INFO - Starting _objective
2024-11-26 13:02:45,100 - ParkinsonsAnalysis - INFO - Completed _objective
2024-11-26 13:02:45,101 - ParkinsonsAnalysis - INFO - Starting _objective
2024-11-26 13:02:45,136 - ParkinsonsAnalysis - INFO - Completed _objective
2024-11-26 13:02:45,137 - ParkinsonsAnalysis - INFO - Starting _objective
2024-11-26 13:02:45,171 - ParkinsonsAnalysis - INFO - Completed _objective
2024-11-26 13:02:45,173 - ParkinsonsAnalysis - INFO - Starting _objective
2024-11-26 13:02:45,204 - ParkinsonsAnalysis - INFO - Completed _objective
2024-11-26 13:02:45,205 - ParkinsonsAnalysis - INFO - Starting _objective
2024-11-26 13:02:45,238 - ParkinsonsAnalysis - INFO - Completed _objective
2024-11-26 13:02:45,239 - ParkinsonsAnalysis - INFO - Starting _objective
2024-11-26 13:02:45,273 - ParkinsonsAnalysis - INFO - Completed _objective
2024-11-26 13:02:45,274 - ParkinsonsAnalysis - INFO - Starting _objective
2024-11-26 13:02:45,309 - ParkinsonsAnalysis - INFO - Completed _objective
2024-11-26 13:02:45,310 - ParkinsonsAnalysis - INFO - Starting _objective
2024-11-26 13:02:45,342 - ParkinsonsAnalysis - INFO - Completed _objective
2024-11-26 13:02:45,343 - ParkinsonsAnalysis - INFO - Starting _objective
2024-11-26 13:02:45,375 - ParkinsonsAnalysis - INFO - Completed _objective
2024-11-26 13:02:45,376 - ParkinsonsAnalysis - INFO - Starting _objective
2024-11-26 13:02:45,408 - ParkinsonsAnalysis - INFO - Completed _objective
2024-11-26 13:02:45,409 - ParkinsonsAnalysis - INFO - Starting _objective
2024-11-26 13:02:45,441 - ParkinsonsAnalysis - INFO - Completed _objective
2024-11-26 13:02:45,441 - ParkinsonsAnalysis - INFO - Starting _objective
2024-11-26 13:02:45,475 - ParkinsonsAnalysis - INFO - Completed _objective
2024-11-26 13:02:45,476 - ParkinsonsAnalysis - INFO - Starting _objective
2024-11-26 13:02:45,509 - ParkinsonsAnalysis - INFO - Completed _objective
2024-11-26 13:02:45,510 - ParkinsonsAnalysis - INFO - Starting _objective
2024-11-26 13:02:45,543 - ParkinsonsAnalysis - INFO - Completed _objective
2024-11-26 13:02:45,544 - ParkinsonsAnalysis - INFO - Starting _objective
2024-11-26 13:02:45,578 - ParkinsonsAnalysis - INFO - Completed _objective
2024-11-26 13:02:45,579 - ParkinsonsAnalysis - INFO - Starting _objective
2024-11-26 13:02:45,613 - ParkinsonsAnalysis - INFO - Completed _objective
2024-11-26 13:02:45,614 - ParkinsonsAnalysis - INFO - Starting _objective
2024-11-26 13:02:45,649 - ParkinsonsAnalysis - INFO - Completed _objective
2024-11-26 13:02:45,651 - ParkinsonsAnalysis - INFO - Starting _objective
2024-11-26 13:02:45,683 - ParkinsonsAnalysis - INFO - Completed _objective
2024-11-26 13:02:45,683 - ParkinsonsAnalysis - INFO - Starting _objective
2024-11-26 13:02:45,719 - ParkinsonsAnalysis - INFO - Completed _objective
2024-11-26 13:02:45,722 - ParkinsonsAnalysis - INFO - Starting _objective
2024-11-26 13:02:45,757 - ParkinsonsAnalysis - INFO - Completed _objective
2024-11-26 13:02:45,758 - ParkinsonsAnalysis - INFO - Starting _objective
2024-11-26 13:02:45,795 - ParkinsonsAnalysis - INFO - Completed _objective
2024-11-26 13:02:45,796 - ParkinsonsAnalysis - INFO - Starting _objective
2024-11-26 13:02:45,830 - ParkinsonsAnalysis - INFO - Completed _objective
2024-11-26 13:02:45,831 - ParkinsonsAnalysis - INFO - Starting _objective
2024-11-26 13:02:45,868 - ParkinsonsAnalysis - INFO - Completed _objective
2024-11-26 13:02:45,869 - ParkinsonsAnalysis - INFO - Starting _objective
2024-11-26 13:02:45,904 - ParkinsonsAnalysis - INFO - Completed _objective
2024-11-26 13:02:45,905 - ParkinsonsAnalysis - INFO - Starting _objective
2024-11-26 13:02:45,939 - ParkinsonsAnalysis - INFO - Completed _objective
2024-11-26 13:02:45,941 - ParkinsonsAnalysis - INFO - Starting _objective
2024-11-26 13:02:45,977 - ParkinsonsAnalysis - INFO - Completed _objective
2024-11-26 13:02:45,979 - ParkinsonsAnalysis - INFO - Starting _objective
2024-11-26 13:02:46,017 - ParkinsonsAnalysis - INFO - Completed _objective
2024-11-26 13:02:46,019 - ParkinsonsAnalysis - INFO - Starting _objective
2024-11-26 13:02:46,054 - ParkinsonsAnalysis - INFO - Completed _objective
2024-11-26 13:02:46,056 - ParkinsonsAnalysis - INFO - Starting _objective
2024-11-26 13:02:46,090 - ParkinsonsAnalysis - INFO - Completed _objective
2024-11-26 13:02:46,091 - ParkinsonsAnalysis - INFO - Starting _objective
2024-11-26 13:02:46,131 - ParkinsonsAnalysis - INFO - Completed _objective
2024-11-26 13:02:46,131 - ParkinsonsAnalysis - INFO - Starting _objective
2024-11-26 13:02:46,170 - ParkinsonsAnalysis - INFO - Completed _objective
2024-11-26 13:02:46,172 - ParkinsonsAnalysis - INFO - Starting _objective
2024-11-26 13:02:46,207 - ParkinsonsAnalysis - INFO - Completed _objective
2024-11-26 13:02:46,207 - ParkinsonsAnalysis - INFO - Starting _objective
2024-11-26 13:02:46,238 - ParkinsonsAnalysis - INFO - Completed _objective
2024-11-26 13:02:46,239 - ParkinsonsAnalysis - INFO - Starting _objective
2024-11-26 13:02:46,273 - ParkinsonsAnalysis - INFO - Completed _objective
2024-11-26 13:02:46,274 - ParkinsonsAnalysis - INFO - Starting _objective
2024-11-26 13:02:46,308 - ParkinsonsAnalysis - INFO - Completed _objective
2024-11-26 13:02:46,309 - ParkinsonsAnalysis - INFO - Starting _objective
2024-11-26 13:02:46,346 - ParkinsonsAnalysis - INFO - Completed _objective
2024-11-26 13:02:46,347 - ParkinsonsAnalysis - INFO - Starting _objective
2024-11-26 13:02:46,380 - ParkinsonsAnalysis - INFO - Completed _objective
2024-11-26 13:02:46,382 - ParkinsonsAnalysis - INFO - Starting _objective
2024-11-26 13:02:46,418 - ParkinsonsAnalysis - INFO - Completed _objective
2024-11-26 13:02:46,419 - ParkinsonsAnalysis - INFO - Starting _objective
2024-11-26 13:02:46,455 - ParkinsonsAnalysis - INFO - Completed _objective
2024-11-26 13:02:46,456 - ParkinsonsAnalysis - INFO - Starting _objective
2024-11-26 13:02:46,488 - ParkinsonsAnalysis - INFO - Completed _objective
2024-11-26 13:02:46,489 - ParkinsonsAnalysis - INFO - Starting _objective
2024-11-26 13:02:46,523 - ParkinsonsAnalysis - INFO - Completed _objective
2024-11-26 13:02:46,524 - ParkinsonsAnalysis - INFO - Starting _objective
2024-11-26 13:02:46,563 - ParkinsonsAnalysis - INFO - Completed _objective
2024-11-26 13:02:46,565 - ParkinsonsAnalysis - INFO - Starting _objective
2024-11-26 13:02:46,597 - ParkinsonsAnalysis - INFO - Completed _objective
2024-11-26 13:02:46,599 - ParkinsonsAnalysis - INFO - Starting _objective
2024-11-26 13:02:46,631 - ParkinsonsAnalysis - INFO - Completed _objective
2024-11-26 13:02:46,633 - ParkinsonsAnalysis - INFO - Starting _objective
2024-11-26 13:02:46,672 - ParkinsonsAnalysis - INFO - Completed _objective
2024-11-26 13:02:46,673 - ParkinsonsAnalysis - INFO - Starting _objective
2024-11-26 13:02:46,708 - ParkinsonsAnalysis - INFO - Completed _objective
2024-11-26 13:02:46,709 - ParkinsonsAnalysis - INFO - Starting _objective
2024-11-26 13:02:46,745 - ParkinsonsAnalysis - INFO - Completed _objective
2024-11-26 13:02:46,745 - ParkinsonsAnalysis - INFO - Starting _objective
2024-11-26 13:02:46,786 - ParkinsonsAnalysis - INFO - Completed _objective
2024-11-26 13:02:46,786 - ParkinsonsAnalysis - INFO - Starting _objective
2024-11-26 13:02:46,820 - ParkinsonsAnalysis - INFO - Completed _objective
2024-11-26 13:02:46,821 - ParkinsonsAnalysis - INFO - Starting _objective
2024-11-26 13:02:46,854 - ParkinsonsAnalysis - INFO - Completed _objective
2024-11-26 13:02:46,855 - ParkinsonsAnalysis - INFO - Starting _objective
2024-11-26 13:02:46,891 - ParkinsonsAnalysis - INFO - Completed _objective
2024-11-26 13:02:46,892 - ParkinsonsAnalysis - INFO - Starting _objective
2024-11-26 13:02:46,929 - ParkinsonsAnalysis - INFO - Completed _objective
2024-11-26 13:02:46,930 - ParkinsonsAnalysis - INFO - Starting _objective
2024-11-26 13:02:46,967 - ParkinsonsAnalysis - INFO - Completed _objective
2024-11-26 13:02:46,968 - ParkinsonsAnalysis - INFO - Starting _objective
2024-11-26 13:02:47,004 - ParkinsonsAnalysis - INFO - Completed _objective
2024-11-26 13:02:47,005 - ParkinsonsAnalysis - INFO - Starting _objective
2024-11-26 13:02:47,040 - ParkinsonsAnalysis - INFO - Completed _objective
2024-11-26 13:02:47,041 - ParkinsonsAnalysis - INFO - Starting _objective
2024-11-26 13:02:47,077 - ParkinsonsAnalysis - INFO - Completed _objective
2024-11-26 13:02:47,077 - ParkinsonsAnalysis - INFO - Starting _objective
2024-11-26 13:02:47,113 - ParkinsonsAnalysis - INFO - Completed _objective
2024-11-26 13:02:47,114 - ParkinsonsAnalysis - INFO - Starting _objective
2024-11-26 13:02:47,151 - ParkinsonsAnalysis - INFO - Completed _objective
2024-11-26 13:02:47,151 - ParkinsonsAnalysis - INFO - Starting _objective
2024-11-26 13:02:47,186 - ParkinsonsAnalysis - INFO - Completed _objective
2024-11-26 13:02:47,186 - ParkinsonsAnalysis - INFO - Starting _objective
2024-11-26 13:02:47,222 - ParkinsonsAnalysis - INFO - Completed _objective
2024-11-26 13:02:47,224 - ParkinsonsAnalysis - INFO - Starting _objective
2024-11-26 13:02:47,258 - ParkinsonsAnalysis - INFO - Completed _objective
2024-11-26 13:02:47,259 - ParkinsonsAnalysis - INFO - Starting _objective
2024-11-26 13:02:47,294 - ParkinsonsAnalysis - INFO - Completed _objective
2024-11-26 13:02:47,295 - ParkinsonsAnalysis - INFO - Starting _objective
2024-11-26 13:02:47,331 - ParkinsonsAnalysis - INFO - Completed _objective
2024-11-26 13:02:47,332 - ParkinsonsAnalysis - INFO - Starting _objective
2024-11-26 13:02:47,367 - ParkinsonsAnalysis - INFO - Completed _objective
2024-11-26 13:02:47,368 - ParkinsonsAnalysis - INFO - Starting _objective
2024-11-26 13:02:47,406 - ParkinsonsAnalysis - INFO - Completed _objective
2024-11-26 13:02:47,407 - ParkinsonsAnalysis - INFO - Starting _objective
2024-11-26 13:02:47,443 - ParkinsonsAnalysis - INFO - Completed _objective
2024-11-26 13:02:47,445 - ParkinsonsAnalysis - INFO - Starting _objective
2024-11-26 13:02:47,482 - ParkinsonsAnalysis - INFO - Completed _objective
2024-11-26 13:02:47,483 - ParkinsonsAnalysis - INFO - Starting _objective
2024-11-26 13:02:47,520 - ParkinsonsAnalysis - INFO - Completed _objective
2024-11-26 13:02:47,521 - ParkinsonsAnalysis - INFO - Starting _objective
2024-11-26 13:02:47,560 - ParkinsonsAnalysis - INFO - Completed _objective
2024-11-26 13:02:47,561 - ParkinsonsAnalysis - INFO - Starting _objective
2024-11-26 13:02:47,597 - ParkinsonsAnalysis - INFO - Completed _objective
2024-11-26 13:02:47,599 - ParkinsonsAnalysis - INFO - Starting _objective
2024-11-26 13:02:47,637 - ParkinsonsAnalysis - INFO - Completed _objective
2024-11-26 13:02:47,637 - ParkinsonsAnalysis - INFO - Best decisiontree trial:
2024-11-26 13:02:47,638 - ParkinsonsAnalysis - INFO -   Value: 1.0
2024-11-26 13:02:47,638 - ParkinsonsAnalysis - INFO -   Params: 
2024-11-26 13:02:47,638 - ParkinsonsAnalysis - INFO -     max_depth: 12
2024-11-26 13:02:47,639 - ParkinsonsAnalysis - INFO -     min_samples_split: 5
2024-11-26 13:02:47,639 - ParkinsonsAnalysis - INFO -     min_samples_leaf: 1
2024-11-26 13:02:47,639 - ParkinsonsAnalysis - INFO -     class_weight: balanced
2024-11-26 13:02:47,666 - ParkinsonsAnalysis - INFO - Initialized Model Evaluation for decisiontree
2024-11-26 13:02:47,666 - ParkinsonsAnalysis - INFO - Starting evaluate
2024-11-26 13:02:47,867 - ParkinsonsAnalysis - INFO - Completed evaluate
2024-11-26 13:02:47,870 - ParkinsonsAnalysis - INFO - Starting _objective
2024-11-26 13:02:47,972 - ParkinsonsAnalysis - INFO - Completed _objective
2024-11-26 13:02:47,973 - ParkinsonsAnalysis - INFO - Starting _objective
2024-11-26 13:02:48,078 - ParkinsonsAnalysis - INFO - Completed _objective
2024-11-26 13:02:48,079 - ParkinsonsAnalysis - INFO - Starting _objective
2024-11-26 13:02:48,253 - ParkinsonsAnalysis - INFO - Completed _objective
2024-11-26 13:02:48,254 - ParkinsonsAnalysis - INFO - Starting _objective
2024-11-26 13:02:48,344 - ParkinsonsAnalysis - INFO - Completed _objective
2024-11-26 13:02:48,345 - ParkinsonsAnalysis - INFO - Starting _objective
2024-11-26 13:02:48,418 - ParkinsonsAnalysis - INFO - Completed _objective
2024-11-26 13:02:48,419 - ParkinsonsAnalysis - INFO - Starting _objective
2024-11-26 13:02:48,516 - ParkinsonsAnalysis - INFO - Completed _objective
2024-11-26 13:02:48,517 - ParkinsonsAnalysis - INFO - Starting _objective
2024-11-26 13:02:48,637 - ParkinsonsAnalysis - INFO - Completed _objective
2024-11-26 13:02:48,637 - ParkinsonsAnalysis - INFO - Starting _objective
2024-11-26 13:02:48,749 - ParkinsonsAnalysis - INFO - Completed _objective
2024-11-26 13:02:48,750 - ParkinsonsAnalysis - INFO - Starting _objective
2024-11-26 13:02:48,832 - ParkinsonsAnalysis - INFO - Completed _objective
2024-11-26 13:02:48,833 - ParkinsonsAnalysis - INFO - Starting _objective
2024-11-26 13:02:48,903 - ParkinsonsAnalysis - INFO - Completed _objective
2024-11-26 13:02:48,904 - ParkinsonsAnalysis - INFO - Starting _objective
2024-11-26 13:02:49,029 - ParkinsonsAnalysis - INFO - Completed _objective
2024-11-26 13:02:49,030 - ParkinsonsAnalysis - INFO - Starting _objective
2024-11-26 13:02:49,212 - ParkinsonsAnalysis - INFO - Completed _objective
2024-11-26 13:02:49,213 - ParkinsonsAnalysis - INFO - Starting _objective
2024-11-26 13:02:49,351 - ParkinsonsAnalysis - INFO - Completed _objective
2024-11-26 13:02:49,352 - ParkinsonsAnalysis - INFO - Starting _objective
2024-11-26 13:02:49,412 - ParkinsonsAnalysis - INFO - Completed _objective
2024-11-26 13:02:49,413 - ParkinsonsAnalysis - INFO - Starting _objective
2024-11-26 13:02:49,513 - ParkinsonsAnalysis - INFO - Completed _objective
2024-11-26 13:02:49,514 - ParkinsonsAnalysis - INFO - Starting _objective
2024-11-26 13:02:49,642 - ParkinsonsAnalysis - INFO - Completed _objective
2024-11-26 13:02:49,643 - ParkinsonsAnalysis - INFO - Starting _objective
2024-11-26 13:02:49,740 - ParkinsonsAnalysis - INFO - Completed _objective
2024-11-26 13:02:49,741 - ParkinsonsAnalysis - INFO - Starting _objective
2024-11-26 13:02:49,877 - ParkinsonsAnalysis - INFO - Completed _objective
2024-11-26 13:02:49,878 - ParkinsonsAnalysis - INFO - Starting _objective
2024-11-26 13:02:49,983 - ParkinsonsAnalysis - INFO - Completed _objective
2024-11-26 13:02:49,984 - ParkinsonsAnalysis - INFO - Starting _objective
2024-11-26 13:02:50,103 - ParkinsonsAnalysis - INFO - Completed _objective
2024-11-26 13:02:50,103 - ParkinsonsAnalysis - INFO - Starting _objective
2024-11-26 13:02:50,163 - ParkinsonsAnalysis - INFO - Completed _objective
2024-11-26 13:02:50,164 - ParkinsonsAnalysis - INFO - Starting _objective
2024-11-26 13:02:50,253 - ParkinsonsAnalysis - INFO - Completed _objective
2024-11-26 13:02:50,255 - ParkinsonsAnalysis - INFO - Starting _objective
2024-11-26 13:02:50,344 - ParkinsonsAnalysis - INFO - Completed _objective
2024-11-26 13:02:50,346 - ParkinsonsAnalysis - INFO - Starting _objective
2024-11-26 13:02:50,476 - ParkinsonsAnalysis - INFO - Completed _objective
2024-11-26 13:02:50,478 - ParkinsonsAnalysis - INFO - Starting _objective
2024-11-26 13:02:50,594 - ParkinsonsAnalysis - INFO - Completed _objective
2024-11-26 13:02:50,594 - ParkinsonsAnalysis - INFO - Starting _objective
2024-11-26 13:02:50,677 - ParkinsonsAnalysis - INFO - Completed _objective
2024-11-26 13:02:50,678 - ParkinsonsAnalysis - INFO - Starting _objective
2024-11-26 13:02:50,822 - ParkinsonsAnalysis - INFO - Completed _objective
2024-11-26 13:02:50,823 - ParkinsonsAnalysis - INFO - Starting _objective
2024-11-26 13:02:50,938 - ParkinsonsAnalysis - INFO - Completed _objective
2024-11-26 13:02:50,939 - ParkinsonsAnalysis - INFO - Starting _objective
2024-11-26 13:02:51,097 - ParkinsonsAnalysis - INFO - Completed _objective
2024-11-26 13:02:51,098 - ParkinsonsAnalysis - INFO - Starting _objective
2024-11-26 13:02:51,197 - ParkinsonsAnalysis - INFO - Completed _objective
2024-11-26 13:02:51,198 - ParkinsonsAnalysis - INFO - Starting _objective
2024-11-26 13:02:51,286 - ParkinsonsAnalysis - INFO - Completed _objective
2024-11-26 13:02:51,286 - ParkinsonsAnalysis - INFO - Starting _objective
2024-11-26 13:02:51,412 - ParkinsonsAnalysis - INFO - Completed _objective
2024-11-26 13:02:51,413 - ParkinsonsAnalysis - INFO - Starting _objective
2024-11-26 13:02:51,550 - ParkinsonsAnalysis - INFO - Completed _objective
2024-11-26 13:02:51,552 - ParkinsonsAnalysis - INFO - Starting _objective
2024-11-26 13:02:51,685 - ParkinsonsAnalysis - INFO - Completed _objective
2024-11-26 13:02:51,686 - ParkinsonsAnalysis - INFO - Starting _objective
2024-11-26 13:02:51,810 - ParkinsonsAnalysis - INFO - Completed _objective
2024-11-26 13:02:51,811 - ParkinsonsAnalysis - INFO - Starting _objective
2024-11-26 13:02:51,935 - ParkinsonsAnalysis - INFO - Completed _objective
2024-11-26 13:02:51,936 - ParkinsonsAnalysis - INFO - Starting _objective
2024-11-26 13:02:52,080 - ParkinsonsAnalysis - INFO - Completed _objective
2024-11-26 13:02:52,081 - ParkinsonsAnalysis - INFO - Starting _objective
2024-11-26 13:02:52,208 - ParkinsonsAnalysis - INFO - Completed _objective
2024-11-26 13:02:52,208 - ParkinsonsAnalysis - INFO - Starting _objective
2024-11-26 13:02:52,303 - ParkinsonsAnalysis - INFO - Completed _objective
2024-11-26 13:02:52,304 - ParkinsonsAnalysis - INFO - Starting _objective
2024-11-26 13:02:52,437 - ParkinsonsAnalysis - INFO - Completed _objective
2024-11-26 13:02:52,438 - ParkinsonsAnalysis - INFO - Starting _objective
2024-11-26 13:02:52,513 - ParkinsonsAnalysis - INFO - Completed _objective
2024-11-26 13:02:52,514 - ParkinsonsAnalysis - INFO - Starting _objective
2024-11-26 13:02:52,658 - ParkinsonsAnalysis - INFO - Completed _objective
2024-11-26 13:02:52,659 - ParkinsonsAnalysis - INFO - Starting _objective
2024-11-26 13:02:52,817 - ParkinsonsAnalysis - INFO - Completed _objective
2024-11-26 13:02:52,818 - ParkinsonsAnalysis - INFO - Starting _objective
2024-11-26 13:02:52,969 - ParkinsonsAnalysis - INFO - Completed _objective
2024-11-26 13:02:52,970 - ParkinsonsAnalysis - INFO - Starting _objective
2024-11-26 13:02:53,131 - ParkinsonsAnalysis - INFO - Completed _objective
2024-11-26 13:02:53,132 - ParkinsonsAnalysis - INFO - Starting _objective
2024-11-26 13:02:53,258 - ParkinsonsAnalysis - INFO - Completed _objective
2024-11-26 13:02:53,259 - ParkinsonsAnalysis - INFO - Starting _objective
2024-11-26 13:02:53,362 - ParkinsonsAnalysis - INFO - Completed _objective
2024-11-26 13:02:53,364 - ParkinsonsAnalysis - INFO - Starting _objective
2024-11-26 13:02:53,507 - ParkinsonsAnalysis - INFO - Completed _objective
2024-11-26 13:02:53,508 - ParkinsonsAnalysis - INFO - Starting _objective
2024-11-26 13:02:53,608 - ParkinsonsAnalysis - INFO - Completed _objective
2024-11-26 13:02:53,609 - ParkinsonsAnalysis - INFO - Starting _objective
2024-11-26 13:02:53,765 - ParkinsonsAnalysis - INFO - Completed _objective
2024-11-26 13:02:53,766 - ParkinsonsAnalysis - INFO - Starting _objective
2024-11-26 13:02:53,922 - ParkinsonsAnalysis - INFO - Completed _objective
2024-11-26 13:02:53,923 - ParkinsonsAnalysis - INFO - Starting _objective
2024-11-26 13:02:54,077 - ParkinsonsAnalysis - INFO - Completed _objective
2024-11-26 13:02:54,078 - ParkinsonsAnalysis - INFO - Starting _objective
2024-11-26 13:02:54,222 - ParkinsonsAnalysis - INFO - Completed _objective
2024-11-26 13:02:54,223 - ParkinsonsAnalysis - INFO - Starting _objective
2024-11-26 13:02:54,412 - ParkinsonsAnalysis - INFO - Completed _objective
2024-11-26 13:02:54,413 - ParkinsonsAnalysis - INFO - Starting _objective
2024-11-26 13:02:54,552 - ParkinsonsAnalysis - INFO - Completed _objective
2024-11-26 13:02:54,553 - ParkinsonsAnalysis - INFO - Starting _objective
2024-11-26 13:02:54,688 - ParkinsonsAnalysis - INFO - Completed _objective
2024-11-26 13:02:54,689 - ParkinsonsAnalysis - INFO - Starting _objective
2024-11-26 13:02:54,823 - ParkinsonsAnalysis - INFO - Completed _objective
2024-11-26 13:02:54,824 - ParkinsonsAnalysis - INFO - Starting _objective
2024-11-26 13:02:54,939 - ParkinsonsAnalysis - INFO - Completed _objective
2024-11-26 13:02:54,940 - ParkinsonsAnalysis - INFO - Starting _objective
2024-11-26 13:02:55,092 - ParkinsonsAnalysis - INFO - Completed _objective
2024-11-26 13:02:55,093 - ParkinsonsAnalysis - INFO - Starting _objective
2024-11-26 13:02:55,194 - ParkinsonsAnalysis - INFO - Completed _objective
2024-11-26 13:02:55,194 - ParkinsonsAnalysis - INFO - Starting _objective
2024-11-26 13:02:55,314 - ParkinsonsAnalysis - INFO - Completed _objective
2024-11-26 13:02:55,315 - ParkinsonsAnalysis - INFO - Starting _objective
2024-11-26 13:02:55,435 - ParkinsonsAnalysis - INFO - Completed _objective
2024-11-26 13:02:55,436 - ParkinsonsAnalysis - INFO - Starting _objective
2024-11-26 13:02:55,567 - ParkinsonsAnalysis - INFO - Completed _objective
2024-11-26 13:02:55,568 - ParkinsonsAnalysis - INFO - Starting _objective
2024-11-26 13:02:55,679 - ParkinsonsAnalysis - INFO - Completed _objective
2024-11-26 13:02:55,680 - ParkinsonsAnalysis - INFO - Starting _objective
2024-11-26 13:02:55,835 - ParkinsonsAnalysis - INFO - Completed _objective
2024-11-26 13:02:55,836 - ParkinsonsAnalysis - INFO - Starting _objective
2024-11-26 13:02:55,956 - ParkinsonsAnalysis - INFO - Completed _objective
2024-11-26 13:02:55,957 - ParkinsonsAnalysis - INFO - Starting _objective
2024-11-26 13:02:56,064 - ParkinsonsAnalysis - INFO - Completed _objective
2024-11-26 13:02:56,065 - ParkinsonsAnalysis - INFO - Starting _objective
2024-11-26 13:02:56,174 - ParkinsonsAnalysis - INFO - Completed _objective
2024-11-26 13:02:56,175 - ParkinsonsAnalysis - INFO - Starting _objective
2024-11-26 13:02:56,292 - ParkinsonsAnalysis - INFO - Completed _objective
2024-11-26 13:02:56,293 - ParkinsonsAnalysis - INFO - Starting _objective
2024-11-26 13:02:56,413 - ParkinsonsAnalysis - INFO - Completed _objective
2024-11-26 13:02:56,415 - ParkinsonsAnalysis - INFO - Starting _objective
2024-11-26 13:02:56,551 - ParkinsonsAnalysis - INFO - Completed _objective
2024-11-26 13:02:56,552 - ParkinsonsAnalysis - INFO - Starting _objective
2024-11-26 13:02:56,620 - ParkinsonsAnalysis - INFO - Completed _objective
2024-11-26 13:02:56,621 - ParkinsonsAnalysis - INFO - Starting _objective
2024-11-26 13:02:56,688 - ParkinsonsAnalysis - INFO - Completed _objective
2024-11-26 13:02:56,689 - ParkinsonsAnalysis - INFO - Starting _objective
2024-11-26 13:02:56,769 - ParkinsonsAnalysis - INFO - Completed _objective
2024-11-26 13:02:56,770 - ParkinsonsAnalysis - INFO - Starting _objective
2024-11-26 13:02:56,834 - ParkinsonsAnalysis - INFO - Completed _objective
2024-11-26 13:02:56,835 - ParkinsonsAnalysis - INFO - Starting _objective
2024-11-26 13:02:56,917 - ParkinsonsAnalysis - INFO - Completed _objective
2024-11-26 13:02:56,918 - ParkinsonsAnalysis - INFO - Starting _objective
2024-11-26 13:02:57,000 - ParkinsonsAnalysis - INFO - Completed _objective
2024-11-26 13:02:57,001 - ParkinsonsAnalysis - INFO - Starting _objective
2024-11-26 13:02:57,129 - ParkinsonsAnalysis - INFO - Completed _objective
2024-11-26 13:02:57,129 - ParkinsonsAnalysis - INFO - Starting _objective
2024-11-26 13:02:57,240 - ParkinsonsAnalysis - INFO - Completed _objective
2024-11-26 13:02:57,241 - ParkinsonsAnalysis - INFO - Starting _objective
2024-11-26 13:02:57,363 - ParkinsonsAnalysis - INFO - Completed _objective
2024-11-26 13:02:57,364 - ParkinsonsAnalysis - INFO - Starting _objective
2024-11-26 13:02:57,443 - ParkinsonsAnalysis - INFO - Completed _objective
2024-11-26 13:02:57,444 - ParkinsonsAnalysis - INFO - Starting _objective
2024-11-26 13:02:57,540 - ParkinsonsAnalysis - INFO - Completed _objective
2024-11-26 13:02:57,541 - ParkinsonsAnalysis - INFO - Starting _objective
2024-11-26 13:02:57,660 - ParkinsonsAnalysis - INFO - Completed _objective
2024-11-26 13:02:57,661 - ParkinsonsAnalysis - INFO - Starting _objective
2024-11-26 13:02:57,822 - ParkinsonsAnalysis - INFO - Completed _objective
2024-11-26 13:02:57,823 - ParkinsonsAnalysis - INFO - Starting _objective
2024-11-26 13:02:57,935 - ParkinsonsAnalysis - INFO - Completed _objective
2024-11-26 13:02:57,936 - ParkinsonsAnalysis - INFO - Starting _objective
2024-11-26 13:02:58,028 - ParkinsonsAnalysis - INFO - Completed _objective
2024-11-26 13:02:58,029 - ParkinsonsAnalysis - INFO - Starting _objective
2024-11-26 13:02:58,126 - ParkinsonsAnalysis - INFO - Completed _objective
2024-11-26 13:02:58,127 - ParkinsonsAnalysis - INFO - Starting _objective
2024-11-26 13:02:58,287 - ParkinsonsAnalysis - INFO - Completed _objective
2024-11-26 13:02:58,287 - ParkinsonsAnalysis - INFO - Starting _objective
2024-11-26 13:02:58,357 - ParkinsonsAnalysis - INFO - Completed _objective
2024-11-26 13:02:58,358 - ParkinsonsAnalysis - INFO - Starting _objective
2024-11-26 13:02:58,464 - ParkinsonsAnalysis - INFO - Completed _objective
2024-11-26 13:02:58,465 - ParkinsonsAnalysis - INFO - Starting _objective
2024-11-26 13:02:58,559 - ParkinsonsAnalysis - INFO - Completed _objective
2024-11-26 13:02:58,560 - ParkinsonsAnalysis - INFO - Starting _objective
2024-11-26 13:02:58,668 - ParkinsonsAnalysis - INFO - Completed _objective
2024-11-26 13:02:58,669 - ParkinsonsAnalysis - INFO - Starting _objective
2024-11-26 13:02:58,780 - ParkinsonsAnalysis - INFO - Completed _objective
2024-11-26 13:02:58,781 - ParkinsonsAnalysis - INFO - Starting _objective
2024-11-26 13:02:58,884 - ParkinsonsAnalysis - INFO - Completed _objective
2024-11-26 13:02:58,885 - ParkinsonsAnalysis - INFO - Starting _objective
2024-11-26 13:02:58,992 - ParkinsonsAnalysis - INFO - Completed _objective
2024-11-26 13:02:58,993 - ParkinsonsAnalysis - INFO - Starting _objective
2024-11-26 13:02:59,108 - ParkinsonsAnalysis - INFO - Completed _objective
2024-11-26 13:02:59,109 - ParkinsonsAnalysis - INFO - Starting _objective
2024-11-26 13:02:59,225 - ParkinsonsAnalysis - INFO - Completed _objective
2024-11-26 13:02:59,226 - ParkinsonsAnalysis - INFO - Starting _objective
2024-11-26 13:02:59,329 - ParkinsonsAnalysis - INFO - Completed _objective
2024-11-26 13:02:59,330 - ParkinsonsAnalysis - INFO - Starting _objective
2024-11-26 13:02:59,465 - ParkinsonsAnalysis - INFO - Completed _objective
2024-11-26 13:02:59,466 - ParkinsonsAnalysis - INFO - Starting _objective
2024-11-26 13:02:59,550 - ParkinsonsAnalysis - INFO - Completed _objective
2024-11-26 13:02:59,551 - ParkinsonsAnalysis - INFO - Best xgboost trial:
2024-11-26 13:02:59,552 - ParkinsonsAnalysis - INFO -   Value: 1.0
2024-11-26 13:02:59,552 - ParkinsonsAnalysis - INFO -   Params: 
2024-11-26 13:02:59,552 - ParkinsonsAnalysis - INFO -     n_estimators: 289
2024-11-26 13:02:59,552 - ParkinsonsAnalysis - INFO -     max_depth: 10
2024-11-26 13:02:59,552 - ParkinsonsAnalysis - INFO -     learning_rate: 0.019919950856826338
2024-11-26 13:02:59,552 - ParkinsonsAnalysis - INFO -     subsample: 0.6791260643765352
2024-11-26 13:02:59,552 - ParkinsonsAnalysis - INFO -     colsample_bytree: 0.9947081275003855
2024-11-26 13:02:59,553 - ParkinsonsAnalysis - INFO -     scale_pos_weight: 0.8726541280306879
2024-11-26 13:02:59,709 - ParkinsonsAnalysis - INFO - Initialized Model Evaluation for xgboost
2024-11-26 13:02:59,709 - ParkinsonsAnalysis - INFO - Starting evaluate
2024-11-26 13:02:59,926 - ParkinsonsAnalysis - INFO - Completed evaluate
2024-11-26 13:02:59,932 - ParkinsonsAnalysis - INFO - Completed optimize_hyperparameters
2024-11-26 13:02:59,933 - ParkinsonsAnalysis - INFO - Completed train_models
